<?xml version="1.0" encoding="UTF-8"?>
<robot generator="Robot 5.0 (Python 3.10.4 on win32)" generated="20220405 17:54:35.050" rpa="false" schemaversion="3">
<suite id="s1" name="Owner2" source="c:\Users\niphaphon\Desktop\HRM_automate\HRM_Owner\testcase\Owner2.robot">
<test id="s1-t1" name="test32" line="11">
<kw name="Open Browser" library="Selenium2Library">
<arg>${host}</arg>
<arg>browser=chrome</arg>
<doc>Opens a new browser instance to the optional ``url``.</doc>
<msg timestamp="20220405 17:54:35.420" level="INFO">Opening browser 'chrome' to base url 'https://hr.dudee-indeed.com/th/login'.</msg>
<status status="PASS" starttime="20220405 17:54:35.419" endtime="20220405 17:54:38.390"/>
</kw>
<kw name="Maximize Browser Window" library="Selenium2Library">
<doc>Maximizes current browser window.</doc>
<status status="PASS" starttime="20220405 17:54:38.391" endtime="20220405 17:54:38.511"/>
</kw>
<kw name="login owner" library="keyword">
<kw name="Input Text" library="Selenium2Library">
<arg>//*[@id="__layout"]/div/div[2]/div/div/div/div[2]/div/div/input[1]</arg>
<arg>Dudeeindeed.pt</arg>
<doc>Types the given ``text`` into the text field identified by ``locator``.</doc>
<msg timestamp="20220405 17:54:38.513" level="INFO">Typing text 'Dudeeindeed.pt' into text field '//*[@id="__layout"]/div/div[2]/div/div/div/div[2]/div/div/input[1]'.</msg>
<status status="PASS" starttime="20220405 17:54:38.513" endtime="20220405 17:54:38.705"/>
</kw>
<kw name="Input Text" library="Selenium2Library">
<arg>//*[@id="__layout"]/div/div[2]/div/div/div/div[2]/div/div/input[2]</arg>
<arg>123456</arg>
<doc>Types the given ``text`` into the text field identified by ``locator``.</doc>
<msg timestamp="20220405 17:54:38.706" level="INFO">Typing text '123456' into text field '//*[@id="__layout"]/div/div[2]/div/div/div/div[2]/div/div/input[2]'.</msg>
<status status="PASS" starttime="20220405 17:54:38.705" endtime="20220405 17:54:38.791"/>
</kw>
<kw name="Click Button" library="Selenium2Library">
<arg>locator=//*[@id="__layout"]/div/div[2]/div/div/div/div[2]/div/div/button</arg>
<doc>Clicks the button identified by ``locator``.</doc>
<msg timestamp="20220405 17:54:38.792" level="INFO">Clicking button '//*[@id="__layout"]/div/div[2]/div/div/div/div[2]/div/div/button'.</msg>
<status status="PASS" starttime="20220405 17:54:38.792" endtime="20220405 17:54:38.855"/>
</kw>
<status status="PASS" starttime="20220405 17:54:38.512" endtime="20220405 17:54:38.856"/>
</kw>
<kw name="validate employee info page" library="keyword">
<kw name="Wait Until Element Contains" library="Selenium2Library">
<arg>locator=//*[@id="__layout"]/div/div[2]/div[2]/div[2]/div/div[2]/div[1]/div[1]/div[1]/div/div[1]/span</arg>
<arg>text=${text01}</arg>
<doc>Waits until the element ``locator`` contains ``text``.</doc>
<status status="PASS" starttime="20220405 17:54:38.857" endtime="20220405 17:54:39.665"/>
</kw>
<kw name="Click Element" library="Selenium2Library">
<arg>locator=//*[@id="__layout"]/div/div[2]/div[1]/aside/div[1]/div[3]/div[9]</arg>
<doc>Click the element identified by ``locator``.</doc>
<msg timestamp="20220405 17:54:39.666" level="INFO">Clicking element '//*[@id="__layout"]/div/div[2]/div[1]/aside/div[1]/div[3]/div[9]'.</msg>
<status status="PASS" starttime="20220405 17:54:39.665" endtime="20220405 17:54:40.047"/>
</kw>
<kw name="Wait Until Element Contains" library="Selenium2Library">
<arg>locator=//*[@id="__layout"]/div/div[2]/div[2]/div[2]/div/div[2]/div[3]/table/thead/tr/th[1]/div</arg>
<arg>text=${employee03}</arg>
<doc>Waits until the element ``locator`` contains ``text``.</doc>
<status status="PASS" starttime="20220405 17:54:40.048" endtime="20220405 17:54:40.790"/>
</kw>
<kw name="Element Text Should Be" library="Selenium2Library">
<arg>locator=//*[@id="__layout"]/div/div[2]/div[2]/div[2]/div/div[1]/div/div</arg>
<arg>expected=${employee01}</arg>
<doc>Verifies that element ``locator`` contains exact the text ``expected``.</doc>
<msg timestamp="20220405 17:54:40.791" level="INFO">Verifying element '//*[@id="__layout"]/div/div[2]/div[2]/div[2]/div/div[1]/div/div' contains exact text 'รายการข้อมูลพนักงาน'.</msg>
<status status="PASS" starttime="20220405 17:54:40.790" endtime="20220405 17:54:40.827"/>
</kw>
<kw name="Element Text Should Be" library="Selenium2Library">
<arg>locator=//*[@id="__layout"]/div/div[2]/div[2]/div[2]/div/div[2]/div[2]/button</arg>
<arg>expected=${employee02}</arg>
<doc>Verifies that element ``locator`` contains exact the text ``expected``.</doc>
<msg timestamp="20220405 17:54:40.828" level="INFO">Verifying element '//*[@id="__layout"]/div/div[2]/div[2]/div[2]/div/div[2]/div[2]/button' contains exact text '+ พนักงาน'.</msg>
<status status="PASS" starttime="20220405 17:54:40.827" endtime="20220405 17:54:40.853"/>
</kw>
<kw name="Element Text Should Be" library="Selenium2Library">
<arg>locator=//*[@id="__layout"]/div/div[2]/div[2]/div[2]/div/div[2]/div[3]/table/thead/tr/th[1]/div</arg>
<arg>expected=${employee03}</arg>
<doc>Verifies that element ``locator`` contains exact the text ``expected``.</doc>
<msg timestamp="20220405 17:54:40.854" level="INFO">Verifying element '//*[@id="__layout"]/div/div[2]/div[2]/div[2]/div/div[2]/div[3]/table/thead/tr/th[1]/div' contains exact text 'รหัสพนักงาน'.</msg>
<status status="PASS" starttime="20220405 17:54:40.853" endtime="20220405 17:54:40.868"/>
</kw>
<kw name="Element Text Should Be" library="Selenium2Library">
<arg>locator=//*[@id="__layout"]/div/div[2]/div[2]/div[2]/div/div[2]/div[3]/table/thead/tr/th[2]</arg>
<arg>expected=${employee04}</arg>
<doc>Verifies that element ``locator`` contains exact the text ``expected``.</doc>
<msg timestamp="20220405 17:54:40.869" level="INFO">Verifying element '//*[@id="__layout"]/div/div[2]/div[2]/div[2]/div/div[2]/div[3]/table/thead/tr/th[2]' contains exact text 'ชื่อ'.</msg>
<status status="PASS" starttime="20220405 17:54:40.868" endtime="20220405 17:54:40.890"/>
</kw>
<kw name="Element Text Should Be" library="Selenium2Library">
<arg>locator=//*[@id="__layout"]/div/div[2]/div[2]/div[2]/div/div[2]/div[3]/table/thead/tr/th[3]</arg>
<arg>expected=${employee05}</arg>
<doc>Verifies that element ``locator`` contains exact the text ``expected``.</doc>
<msg timestamp="20220405 17:54:40.891" level="INFO">Verifying element '//*[@id="__layout"]/div/div[2]/div[2]/div[2]/div/div[2]/div[3]/table/thead/tr/th[3]' contains exact text 'ติดต่อ'.</msg>
<status status="PASS" starttime="20220405 17:54:40.890" endtime="20220405 17:54:40.912"/>
</kw>
<kw name="Element Text Should Be" library="Selenium2Library">
<arg>locator=//*[@id="__layout"]/div/div[2]/div[2]/div[2]/div/div[2]/div[3]/table/thead/tr/th[4]</arg>
<arg>expected=${employee06}</arg>
<doc>Verifies that element ``locator`` contains exact the text ``expected``.</doc>
<msg timestamp="20220405 17:54:40.913" level="INFO">Verifying element '//*[@id="__layout"]/div/div[2]/div[2]/div[2]/div/div[2]/div[3]/table/thead/tr/th[4]' contains exact text 'สังกัด'.</msg>
<status status="PASS" starttime="20220405 17:54:40.913" endtime="20220405 17:54:40.935"/>
</kw>
<kw name="Element Text Should Be" library="Selenium2Library">
<arg>locator=//*[@id="__layout"]/div/div[2]/div[2]/div[2]/div/div[2]/div[3]/table/thead/tr/th[5]</arg>
<arg>expected=${employee07}</arg>
<doc>Verifies that element ``locator`` contains exact the text ``expected``.</doc>
<msg timestamp="20220405 17:54:40.936" level="INFO">Verifying element '//*[@id="__layout"]/div/div[2]/div[2]/div[2]/div/div[2]/div[3]/table/thead/tr/th[5]' contains exact text 'สาขา'.</msg>
<status status="PASS" starttime="20220405 17:54:40.935" endtime="20220405 17:54:40.958"/>
</kw>
<kw name="Element Text Should Be" library="Selenium2Library">
<arg>locator=//*[@id="__layout"]/div/div[2]/div[2]/div[2]/div/div[2]/div[3]/table/thead/tr/th[6]</arg>
<arg>expected=${employee08}</arg>
<doc>Verifies that element ``locator`` contains exact the text ``expected``.</doc>
<msg timestamp="20220405 17:54:40.959" level="INFO">Verifying element '//*[@id="__layout"]/div/div[2]/div[2]/div[2]/div/div[2]/div[3]/table/thead/tr/th[6]' contains exact text 'ประเภทเงินเดือน'.</msg>
<status status="PASS" starttime="20220405 17:54:40.959" endtime="20220405 17:54:40.981"/>
</kw>
<kw name="Element Text Should Be" library="Selenium2Library">
<arg>locator=//*[@id="__layout"]/div/div[2]/div[2]/div[2]/div/div[2]/div[3]/table/thead/tr/th[7]</arg>
<arg>expected=${employee09}</arg>
<doc>Verifies that element ``locator`` contains exact the text ``expected``.</doc>
<msg timestamp="20220405 17:54:40.982" level="INFO">Verifying element '//*[@id="__layout"]/div/div[2]/div[2]/div[2]/div/div[2]/div[3]/table/thead/tr/th[7]' contains exact text 'เครื่องสแกน'.</msg>
<status status="PASS" starttime="20220405 17:54:40.982" endtime="20220405 17:54:41.009"/>
</kw>
<kw name="Element Text Should Be" library="Selenium2Library">
<arg>locator=//*[@id="__layout"]/div/div[2]/div[2]/div[2]/div/div[2]/div[3]/table/thead/tr/th[8]</arg>
<arg>expected=${employee10}</arg>
<doc>Verifies that element ``locator`` contains exact the text ``expected``.</doc>
<msg timestamp="20220405 17:54:41.010" level="INFO">Verifying element '//*[@id="__layout"]/div/div[2]/div[2]/div[2]/div/div[2]/div[3]/table/thead/tr/th[8]' contains exact text 'บัญชี'.</msg>
<status status="PASS" starttime="20220405 17:54:41.009" endtime="20220405 17:54:41.033"/>
</kw>
<kw name="Element Text Should Be" library="Selenium2Library">
<arg>locator=//*[@id="__layout"]/div/div[2]/div[2]/div[2]/div/div[2]/div[3]/table/thead/tr/th[9]</arg>
<arg>expected=${employee11}</arg>
<doc>Verifies that element ``locator`` contains exact the text ``expected``.</doc>
<msg timestamp="20220405 17:54:41.033" level="INFO">Verifying element '//*[@id="__layout"]/div/div[2]/div[2]/div[2]/div/div[2]/div[3]/table/thead/tr/th[9]' contains exact text 'ลบข้อมูล'.</msg>
<status status="PASS" starttime="20220405 17:54:41.033" endtime="20220405 17:54:41.066"/>
</kw>
<kw name="Element Text Should Be" library="Selenium2Library">
<arg>locator=//*[@id="__layout"]/div/div[2]/div[2]/div[2]/div/div[2]/div[3]/table/thead/tr/th[10]</arg>
<arg>expected=${employee12}</arg>
<doc>Verifies that element ``locator`` contains exact the text ``expected``.</doc>
<msg timestamp="20220405 17:54:41.067" level="INFO">Verifying element '//*[@id="__layout"]/div/div[2]/div[2]/div[2]/div/div[2]/div[3]/table/thead/tr/th[10]' contains exact text 'ลาออก'.</msg>
<status status="PASS" starttime="20220405 17:54:41.066" endtime="20220405 17:54:41.087"/>
</kw>
<kw name="Element Text Should Be" library="Selenium2Library">
<arg>locator=//*[@id="__layout"]/div/div[2]/div[2]/div[2]/div/div[2]/div[3]/table/thead/tr/th[11]</arg>
<arg>expected=${employee13}</arg>
<doc>Verifies that element ``locator`` contains exact the text ``expected``.</doc>
<msg timestamp="20220405 17:54:41.088" level="INFO">Verifying element '//*[@id="__layout"]/div/div[2]/div[2]/div[2]/div/div[2]/div[3]/table/thead/tr/th[11]' contains exact text 'ไล่ออก'.</msg>
<status status="PASS" starttime="20220405 17:54:41.087" endtime="20220405 17:54:41.109"/>
</kw>
<status status="PASS" starttime="20220405 17:54:38.856" endtime="20220405 17:54:41.109"/>
</kw>
<kw name="validate employee profile" library="keyword2">
<kw name="Click Element" library="Selenium2Library">
<arg>locator=//*[@id="__layout"]/div/div[2]/div[2]/div[2]/div/div[2]/div[3]/table/tbody/tr[1]/td[8]/i[1]</arg>
<doc>Click the element identified by ``locator``.</doc>
<msg timestamp="20220405 17:54:41.111" level="INFO">Clicking element '//*[@id="__layout"]/div/div[2]/div[2]/div[2]/div/div[2]/div[3]/table/tbody/tr[1]/td[8]/i[1]'.</msg>
<status status="PASS" starttime="20220405 17:54:41.110" endtime="20220405 17:54:41.164"/>
</kw>
<kw name="Wait Until Element Contains" library="Selenium2Library">
<arg>locator=//*[@id="__layout"]/div/div[2]/div[2]/div[2]/div/div/div[2]/div[2]/p</arg>
<arg>text=${profile01}</arg>
<doc>Waits until the element ``locator`` contains ``text``.</doc>
<status status="PASS" starttime="20220405 17:54:41.165" endtime="20220405 17:54:41.415"/>
</kw>
<kw name="Element Text Should Be" library="Selenium2Library">
<arg>locator=//*[@id="__layout"]/div/div[2]/div[2]/div[2]/div/div/div[2]/div[2]/p</arg>
<arg>expected=${profile01}</arg>
<doc>Verifies that element ``locator`` contains exact the text ``expected``.</doc>
<msg timestamp="20220405 17:54:41.416" level="INFO">Verifying element '//*[@id="__layout"]/div/div[2]/div[2]/div[2]/div/div/div[2]/div[2]/p' contains exact text 'บริษัท'.</msg>
<status status="PASS" starttime="20220405 17:54:41.415" endtime="20220405 17:54:41.434"/>
</kw>
<kw name="Element Text Should Be" library="Selenium2Library">
<arg>locator=//*[@id="__layout"]/div/div[2]/div[2]/div[2]/div/div/div[3]/div[2]/p</arg>
<arg>expected=${profile02}</arg>
<doc>Verifies that element ``locator`` contains exact the text ``expected``.</doc>
<msg timestamp="20220405 17:54:41.435" level="INFO">Verifying element '//*[@id="__layout"]/div/div[2]/div[2]/div[2]/div/div/div[3]/div[2]/p' contains exact text 'ข้อมูลธนาคาร'.</msg>
<status status="PASS" starttime="20220405 17:54:41.435" endtime="20220405 17:54:41.460"/>
</kw>
<kw name="Element Text Should Be" library="Selenium2Library">
<arg>locator=//*[@id="__layout"]/div/div[2]/div[2]/div[2]/div/div/div[4]/div[2]/p</arg>
<arg>expected=${profile03}</arg>
<doc>Verifies that element ``locator`` contains exact the text ``expected``.</doc>
<msg timestamp="20220405 17:54:41.461" level="INFO">Verifying element '//*[@id="__layout"]/div/div[2]/div[2]/div[2]/div/div/div[4]/div[2]/p' contains exact text 'รหัสพนักงาน'.</msg>
<status status="PASS" starttime="20220405 17:54:41.460" endtime="20220405 17:54:41.487"/>
</kw>
<kw name="Element Text Should Be" library="Selenium2Library">
<arg>locator=//*[@id="__layout"]/div/div[2]/div[2]/div[2]/div/div/div[5]/div[2]/p</arg>
<arg>expected=${profile04}</arg>
<doc>Verifies that element ``locator`` contains exact the text ``expected``.</doc>
<msg timestamp="20220405 17:54:41.488" level="INFO">Verifying element '//*[@id="__layout"]/div/div[2]/div[2]/div[2]/div/div/div[5]/div[2]/p' contains exact text 'ชื่อพนักงาน'.</msg>
<status status="PASS" starttime="20220405 17:54:41.488" endtime="20220405 17:54:41.522"/>
</kw>
<kw name="Element Text Should Be" library="Selenium2Library">
<arg>locator=//*[@id="__layout"]/div/div[2]/div[2]/div[2]/div/div/div[6]/div[2]/p</arg>
<arg>expected=${profile05}</arg>
<doc>Verifies that element ``locator`` contains exact the text ``expected``.</doc>
<msg timestamp="20220405 17:54:41.523" level="INFO">Verifying element '//*[@id="__layout"]/div/div[2]/div[2]/div[2]/div/div/div[6]/div[2]/p' contains exact text 'เลขบัตรประชาชน'.</msg>
<status status="PASS" starttime="20220405 17:54:41.522" endtime="20220405 17:54:41.548"/>
</kw>
<kw name="Element Text Should Be" library="Selenium2Library">
<arg>locator=//*[@id="__layout"]/div/div[2]/div[2]/div[2]/div/div/div[7]/div[2]/p</arg>
<arg>expected=${profile06}</arg>
<doc>Verifies that element ``locator`` contains exact the text ``expected``.</doc>
<msg timestamp="20220405 17:54:41.549" level="INFO">Verifying element '//*[@id="__layout"]/div/div[2]/div[2]/div[2]/div/div/div[7]/div[2]/p' contains exact text 'ข้อมูลเงินเดือน'.</msg>
<status status="PASS" starttime="20220405 17:54:41.548" endtime="20220405 17:54:41.569"/>
</kw>
<status status="PASS" starttime="20220405 17:54:41.110" endtime="20220405 17:54:41.569"/>
</kw>
<kw name="Close All Browsers" library="Selenium2Library" type="TEARDOWN">
<doc>Closes all open browsers and resets the browser cache.</doc>
<status status="PASS" starttime="20220405 17:54:41.570" endtime="20220405 17:54:44.896"/>
</kw>
<status status="PASS" starttime="20220405 17:54:35.417" endtime="20220405 17:54:44.897"/>
</test>
<kw name="Close All Browsers" library="Selenium2Library" type="TEARDOWN">
<doc>Closes all open browsers and resets the browser cache.</doc>
<status status="PASS" starttime="20220405 17:54:44.902" endtime="20220405 17:54:44.902"/>
</kw>
<status status="PASS" starttime="20220405 17:54:35.059" endtime="20220405 17:54:44.902"/>
</suite>
<statistics>
<total>
<stat pass="1" fail="0" skip="0">All Tests</stat>
</total>
<tag>
</tag>
<suite>
<stat pass="1" fail="0" skip="0" id="s1" name="Owner2">Owner2</stat>
</suite>
</statistics>
<errors>
<msg timestamp="20220405 17:54:35.356" level="ERROR">Error in file 'c:\Users\niphaphon\Desktop\HRM_automate\HRM_Owner\keyword\keyword2.robot' on line 3: Resource file '..\Variables2\Variables.robot' does not exist.</msg>
</errors>
</robot>
