<?xml version="1.0" encoding="UTF-8"?>
<robot generator="Robot 5.0 (Python 3.10.4 on win32)" generated="20220420 13:19:40.515" rpa="false" schemaversion="3">
<suite id="s1" name="21.Others" source="c:\Users\niphaphon\Desktop\HRM_automate\HRM_Owner\testcase\21.Others.robot">
<test id="s1-t1" name="validate others page" line="11">
<kw name="Open Browser" library="Selenium2Library">
<arg>${host}</arg>
<arg>browser=chrome</arg>
<doc>Opens a new browser instance to the optional ``url``.</doc>
<msg timestamp="20220420 13:19:40.962" level="INFO">Opening browser 'chrome' to base url 'https://hr.dudee-indeed.com/th/login'.</msg>
<status status="PASS" starttime="20220420 13:19:40.961" endtime="20220420 13:19:43.895"/>
</kw>
<kw name="Maximize Browser Window" library="Selenium2Library">
<doc>Maximizes current browser window.</doc>
<status status="PASS" starttime="20220420 13:19:43.896" endtime="20220420 13:19:44.043"/>
</kw>
<kw name="login owner" library="keyword">
<kw name="Input Text" library="Selenium2Library">
<arg>//*[@id="__layout"]/div/div[2]/div/div/div/div[2]/div/div/input[1]</arg>
<arg>Dudeeindeed.pt</arg>
<doc>Types the given ``text`` into the text field identified by ``locator``.</doc>
<msg timestamp="20220420 13:19:44.049" level="INFO">Typing text 'Dudeeindeed.pt' into text field '//*[@id="__layout"]/div/div[2]/div/div/div/div[2]/div/div/input[1]'.</msg>
<status status="PASS" starttime="20220420 13:19:44.047" endtime="20220420 13:19:44.279"/>
</kw>
<kw name="Input Text" library="Selenium2Library">
<arg>//*[@id="__layout"]/div/div[2]/div/div/div/div[2]/div/div/input[2]</arg>
<arg>123456</arg>
<doc>Types the given ``text`` into the text field identified by ``locator``.</doc>
<msg timestamp="20220420 13:19:44.280" level="INFO">Typing text '123456' into text field '//*[@id="__layout"]/div/div[2]/div/div/div/div[2]/div/div/input[2]'.</msg>
<status status="PASS" starttime="20220420 13:19:44.280" endtime="20220420 13:19:44.369"/>
</kw>
<kw name="Click Button" library="Selenium2Library">
<arg>locator=//*[@id="__layout"]/div/div[2]/div/div/div/div[2]/div/div/button</arg>
<doc>Clicks the button identified by ``locator``.</doc>
<msg timestamp="20220420 13:19:44.369" level="INFO">Clicking button '//*[@id="__layout"]/div/div[2]/div/div/div/div[2]/div/div/button'.</msg>
<status status="PASS" starttime="20220420 13:19:44.369" endtime="20220420 13:19:44.428"/>
</kw>
<status status="PASS" starttime="20220420 13:19:44.045" endtime="20220420 13:19:44.428"/>
</kw>
<kw name="validate other page" library="keyword3">
<kw name="Wait Until Element Contains" library="Selenium2Library">
<arg>locator=//*[@id="__layout"]/div/div[2]/div[1]/aside/div[1]/div[3]/div[27]</arg>
<arg>text=${other01}</arg>
<doc>Waits until the element ``locator`` contains ``text``.</doc>
<status status="PASS" starttime="20220420 13:19:44.429" endtime="20220420 13:19:45.242"/>
</kw>
<kw name="Click Element" library="Selenium2Library">
<arg>locator=//*[@id="__layout"]/div/div[2]/div[1]/aside/div[1]/div[3]/div[27]</arg>
<doc>Click the element identified by ``locator``.</doc>
<msg timestamp="20220420 13:19:45.243" level="INFO">Clicking element '//*[@id="__layout"]/div/div[2]/div[1]/aside/div[1]/div[3]/div[27]'.</msg>
<status status="PASS" starttime="20220420 13:19:45.242" endtime="20220420 13:19:45.295"/>
</kw>
<kw name="Sleep" library="BuiltIn">
<arg>2</arg>
<doc>Pauses the test executed for the given time.</doc>
<msg timestamp="20220420 13:19:47.299" level="INFO">Slept 2 seconds</msg>
<status status="PASS" starttime="20220420 13:19:45.295" endtime="20220420 13:19:47.299"/>
</kw>
<kw name="Element Text Should Be" library="Selenium2Library">
<arg>locator=//*[@id="__layout"]/div/div[2]/div[2]/div[2]/div/div[1]/div/div</arg>
<arg>expected=${other01}</arg>
<doc>Verifies that element ``locator`` contains exact the text ``expected``.</doc>
<msg timestamp="20220420 13:19:47.301" level="INFO">Verifying element '//*[@id="__layout"]/div/div[2]/div[2]/div[2]/div/div[1]/div/div' contains exact text 'อื่น ๆ'.</msg>
<status status="PASS" starttime="20220420 13:19:47.300" endtime="20220420 13:19:47.324"/>
</kw>
<kw name="Element Text Should Be" library="Selenium2Library">
<arg>locator=//*[@id="__layout"]/div/div[2]/div[2]/div[2]/div/div[2]/div/div/div/p</arg>
<arg>expected=${other02}</arg>
<doc>Verifies that element ``locator`` contains exact the text ``expected``.</doc>
<msg timestamp="20220420 13:19:47.325" level="INFO">Verifying element '//*[@id="__layout"]/div/div[2]/div[2]/div[2]/div/div[2]/div/div/div/p' contains exact text 'ฝ่ายลูกค้าสัมพันธ์'.</msg>
<status status="PASS" starttime="20220420 13:19:47.324" endtime="20220420 13:19:47.349"/>
</kw>
<kw name="Sleep" library="BuiltIn">
<arg>2</arg>
<doc>Pauses the test executed for the given time.</doc>
<msg timestamp="20220420 13:19:49.358" level="INFO">Slept 2 seconds</msg>
<status status="PASS" starttime="20220420 13:19:47.349" endtime="20220420 13:19:49.358"/>
</kw>
<kw name="Click Element" library="Selenium2Library">
<arg>locator=//*[@id="__layout"]/div/div[2]/div[2]/div[2]/div/div[2]/div/div/div/i</arg>
<doc>Click the element identified by ``locator``.</doc>
<msg timestamp="20220420 13:19:49.359" level="INFO">Clicking element '//*[@id="__layout"]/div/div[2]/div[2]/div[2]/div/div[2]/div/div/div/i'.</msg>
<status status="PASS" starttime="20220420 13:19:49.358" endtime="20220420 13:19:49.409"/>
</kw>
<kw name="Sleep" library="BuiltIn">
<arg>2</arg>
<doc>Pauses the test executed for the given time.</doc>
<msg timestamp="20220420 13:19:51.421" level="INFO">Slept 2 seconds</msg>
<status status="PASS" starttime="20220420 13:19:49.410" endtime="20220420 13:19:51.421"/>
</kw>
<kw name="Element Text Should Be" library="Selenium2Library">
<arg>locator=//*[@id="__layout"]/div/div[2]/div[2]/div[2]/div[1]/div/div/div[2]/div/div/div/div[2]/div[1]/p[1]</arg>
<arg>expected=${other03}</arg>
<doc>Verifies that element ``locator`` contains exact the text ``expected``.</doc>
<msg timestamp="20220420 13:19:51.422" level="INFO">Verifying element '//*[@id="__layout"]/div/div[2]/div[2]/div[2]/div[1]/div/div/div[2]/div/div/div/div[2]/div[1]/p[1]' contains exact text 'ดูดี อินดีด คอร์ปอเรชั่น จำกัด'.</msg>
<status status="PASS" starttime="20220420 13:19:51.421" endtime="20220420 13:19:51.443"/>
</kw>
<kw name="Element Text Should Be" library="Selenium2Library">
<arg>locator=//*[@id="__layout"]/div/div[2]/div[2]/div[2]/div[1]/div/div/div[2]/div/div/div/div[2]/div[1]/p[2]</arg>
<arg>expected=${other04}</arg>
<doc>Verifies that element ``locator`` contains exact the text ``expected``.</doc>
<msg timestamp="20220420 13:19:51.444" level="INFO">Verifying element '//*[@id="__layout"]/div/div[2]/div[2]/div[2]/div[1]/div/div/div[2]/div/div/div/div[2]/div[1]/p[2]' contains exact text '( Dudee-Indeed Corporation )'.</msg>
<status status="PASS" starttime="20220420 13:19:51.444" endtime="20220420 13:19:51.464"/>
</kw>
<kw name="Element Text Should Be" library="Selenium2Library">
<arg>locator=//*[@id="__layout"]/div/div[2]/div[2]/div[2]/div[1]/div/div/div[2]/div/div/div/div[2]/div[2]/span</arg>
<arg>expected=${other05}</arg>
<doc>Verifies that element ``locator`` contains exact the text ``expected``.</doc>
<msg timestamp="20220420 13:19:51.465" level="INFO">Verifying element '//*[@id="__layout"]/div/div[2]/div[2]/div[2]/div[1]/div/div/div[2]/div/div/div/div[2]/div[2]/span' contains exact text '187/24 Chang Klan Road, Muang Chiang Mai District, Chiang Mai, 50100'.</msg>
<status status="PASS" starttime="20220420 13:19:51.464" endtime="20220420 13:19:51.488"/>
</kw>
<kw name="Element Text Should Be" library="Selenium2Library">
<arg>locator=//*[@id="__layout"]/div/div[2]/div[2]/div[2]/div[1]/div/div/div[2]/div/div/div/div[2]/div[3]/span</arg>
<arg>expected=${other06}</arg>
<doc>Verifies that element ``locator`` contains exact the text ``expected``.</doc>
<msg timestamp="20220420 13:19:51.488" level="INFO">Verifying element '//*[@id="__layout"]/div/div[2]/div[2]/div[2]/div[1]/div/div/div[2]/div/div/div/div[2]/div[3]/span' contains exact text '062-508-7576'.</msg>
<status status="PASS" starttime="20220420 13:19:51.488" endtime="20220420 13:19:51.508"/>
</kw>
<kw name="Element Text Should Be" library="Selenium2Library">
<arg>locator=//*[@id="__layout"]/div/div[2]/div[2]/div[2]/div[1]/div/div/div[2]/div/div/div/div[2]/div[4]/a</arg>
<arg>expected=${other07}</arg>
<doc>Verifies that element ``locator`` contains exact the text ``expected``.</doc>
<msg timestamp="20220420 13:19:51.509" level="INFO">Verifying element '//*[@id="__layout"]/div/div[2]/div[2]/div[2]/div[1]/div/div/div[2]/div/div/div/div[2]/div[4]/a' contains exact text 'contact@dudee-indeed.com'.</msg>
<status status="PASS" starttime="20220420 13:19:51.508" endtime="20220420 13:19:51.528"/>
</kw>
<kw name="Element Text Should Be" library="Selenium2Library">
<arg>locator=//*[@id="__layout"]/div/div[2]/div[2]/div[2]/div[1]/div/div/div[2]/div/div/div/div[2]/div[5]/a</arg>
<arg>expected=${other08}</arg>
<doc>Verifies that element ``locator`` contains exact the text ``expected``.</doc>
<msg timestamp="20220420 13:19:51.529" level="INFO">Verifying element '//*[@id="__layout"]/div/div[2]/div[2]/div[2]/div[1]/div/div/div[2]/div/div/div/div[2]/div[5]/a' contains exact text 'www.dudee-indeed.com'.</msg>
<status status="PASS" starttime="20220420 13:19:51.528" endtime="20220420 13:19:51.550"/>
</kw>
<kw name="Element Text Should Be" library="Selenium2Library">
<arg>locator=//*[@id="__layout"]/div/div[2]/div[2]/div[2]/div[1]/div/div/div[2]/div/div/div/div[2]/div[6]/a</arg>
<arg>expected=${other09}</arg>
<doc>Verifies that element ``locator`` contains exact the text ``expected``.</doc>
<msg timestamp="20220420 13:19:51.551" level="INFO">Verifying element '//*[@id="__layout"]/div/div[2]/div[2]/div[2]/div[1]/div/div/div[2]/div/div/div/div[2]/div[6]/a' contains exact text 'Dudee Indeed'.</msg>
<status status="PASS" starttime="20220420 13:19:51.551" endtime="20220420 13:19:51.571"/>
</kw>
<status status="PASS" starttime="20220420 13:19:44.428" endtime="20220420 13:19:51.572"/>
</kw>
<kw name="Sleep" library="BuiltIn">
<arg>2</arg>
<doc>Pauses the test executed for the given time.</doc>
<msg timestamp="20220420 13:19:53.577" level="INFO">Slept 2 seconds</msg>
<status status="PASS" starttime="20220420 13:19:51.572" endtime="20220420 13:19:53.577"/>
</kw>
<kw name="Close All Browsers" library="Selenium2Library" type="TEARDOWN">
<doc>Closes all open browsers and resets the browser cache.</doc>
<status status="PASS" starttime="20220420 13:19:53.578" endtime="20220420 13:19:56.868"/>
</kw>
<status status="PASS" starttime="20220420 13:19:40.960" endtime="20220420 13:19:56.869"/>
</test>
<kw name="Close All Browsers" library="Selenium2Library" type="TEARDOWN">
<doc>Closes all open browsers and resets the browser cache.</doc>
<status status="PASS" starttime="20220420 13:19:56.871" endtime="20220420 13:19:56.871"/>
</kw>
<status status="PASS" starttime="20220420 13:19:40.522" endtime="20220420 13:19:56.872"/>
</suite>
<statistics>
<total>
<stat pass="1" fail="0" skip="0">All Tests</stat>
</total>
<tag>
</tag>
<suite>
<stat pass="1" fail="0" skip="0" id="s1" name="21.Others">21.Others</stat>
</suite>
</statistics>
<errors>
</errors>
</robot>
