<?xml version="1.0" encoding="UTF-8"?>
<robot generator="Robot 5.0 (Python 3.10.4 on win32)" generated="20220420 13:35:48.795" rpa="false" schemaversion="3">
<suite id="s1" name="10.LeaveRequeast" source="c:\Users\niphaphon\Desktop\HRM_automate\HRM_Owner\testcase\10.LeaveRequeast.robot">
<test id="s1-t1" name="test43" line="11">
<kw name="Open Browser" library="Selenium2Library">
<arg>${host}</arg>
<arg>browser=chrome</arg>
<doc>Opens a new browser instance to the optional ``url``.</doc>
<msg timestamp="20220420 13:35:49.742" level="INFO">Opening browser 'chrome' to base url 'https://hr.dudee-indeed.com/th/login'.</msg>
<status status="PASS" starttime="20220420 13:35:49.740" endtime="20220420 13:35:53.335"/>
</kw>
<kw name="Maximize Browser Window" library="Selenium2Library">
<doc>Maximizes current browser window.</doc>
<status status="PASS" starttime="20220420 13:35:53.337" endtime="20220420 13:35:53.540"/>
</kw>
<kw name="login owner" library="keyword">
<kw name="Input Text" library="Selenium2Library">
<arg>//*[@id="__layout"]/div/div[2]/div/div/div/div[2]/div/div/input[1]</arg>
<arg>Dudeeindeed.pt</arg>
<doc>Types the given ``text`` into the text field identified by ``locator``.</doc>
<msg timestamp="20220420 13:35:53.553" level="INFO">Typing text 'Dudeeindeed.pt' into text field '//*[@id="__layout"]/div/div[2]/div/div/div/div[2]/div/div/input[1]'.</msg>
<status status="PASS" starttime="20220420 13:35:53.551" endtime="20220420 13:35:53.969"/>
</kw>
<kw name="Input Text" library="Selenium2Library">
<arg>//*[@id="__layout"]/div/div[2]/div/div/div/div[2]/div/div/input[2]</arg>
<arg>123456</arg>
<doc>Types the given ``text`` into the text field identified by ``locator``.</doc>
<msg timestamp="20220420 13:35:53.971" level="INFO">Typing text '123456' into text field '//*[@id="__layout"]/div/div[2]/div/div/div/div[2]/div/div/input[2]'.</msg>
<status status="PASS" starttime="20220420 13:35:53.970" endtime="20220420 13:35:54.134"/>
</kw>
<kw name="Click Button" library="Selenium2Library">
<arg>locator=//*[@id="__layout"]/div/div[2]/div/div/div/div[2]/div/div/button</arg>
<doc>Clicks the button identified by ``locator``.</doc>
<msg timestamp="20220420 13:35:54.136" level="INFO">Clicking button '//*[@id="__layout"]/div/div[2]/div/div/div/div[2]/div/div/button'.</msg>
<status status="PASS" starttime="20220420 13:35:54.135" endtime="20220420 13:35:54.256"/>
</kw>
<status status="PASS" starttime="20220420 13:35:53.547" endtime="20220420 13:35:54.256"/>
</kw>
<kw name="validate document leave" library="keyword2">
<kw name="Wait Until Element Contains" library="Selenium2Library">
<arg>locator=//*[@id="__layout"]/div/div[2]/div[1]/aside/div[1]/div[3]/div[1]/p</arg>
<arg>text=ภาพรวมพนักงาน</arg>
<doc>Waits until the element ``locator`` contains ``text``.</doc>
<status status="PASS" starttime="20220420 13:35:54.259" endtime="20220420 13:35:56.031"/>
</kw>
<kw name="Click Element" library="Selenium2Library">
<arg>locator=//*[@id="__layout"]/div/div[2]/div[1]/aside/div[1]/div[3]/div[11]/p</arg>
<doc>Click the element identified by ``locator``.</doc>
<msg timestamp="20220420 13:35:56.032" level="INFO">Clicking element '//*[@id="__layout"]/div/div[2]/div[1]/aside/div[1]/div[3]/div[11]/p'.</msg>
<status status="PASS" starttime="20220420 13:35:56.031" endtime="20220420 13:35:56.449"/>
</kw>
<kw name="Wait Until Element Contains" library="Selenium2Library">
<arg>locator=//*[@id="__layout"]/div/div[2]/div[2]/div[2]/div/div[2]/div/table/thead/tr/th[2]</arg>
<arg>text=${leave02}</arg>
<doc>Waits until the element ``locator`` contains ``text``.</doc>
<status status="PASS" starttime="20220420 13:35:56.450" endtime="20220420 13:35:56.993"/>
</kw>
<kw name="Element Text Should Be" library="Selenium2Library">
<arg>locator=//*[@id="__layout"]/div/div[2]/div[2]/div[2]/div/div[2]/div/table/thead/tr/th[2]</arg>
<arg>expected=${leave02}</arg>
<doc>Verifies that element ``locator`` contains exact the text ``expected``.</doc>
<msg timestamp="20220420 13:35:56.994" level="INFO">Verifying element '//*[@id="__layout"]/div/div[2]/div[2]/div[2]/div/div[2]/div/table/thead/tr/th[2]' contains exact text 'ชื่อพนักงาน'.</msg>
<status status="PASS" starttime="20220420 13:35:56.993" endtime="20220420 13:35:57.028"/>
</kw>
<kw name="Element Text Should Be" library="Selenium2Library">
<arg>locator=//*[@id="__layout"]/div/div[2]/div[2]/div[2]/div/div[1]/div/div</arg>
<arg>expected=${leave01}</arg>
<doc>Verifies that element ``locator`` contains exact the text ``expected``.</doc>
<msg timestamp="20220420 13:35:57.030" level="INFO">Verifying element '//*[@id="__layout"]/div/div[2]/div[2]/div[2]/div/div[1]/div/div' contains exact text 'รายการเอกสารขอลา'.</msg>
<status status="PASS" starttime="20220420 13:35:57.029" endtime="20220420 13:35:57.083"/>
</kw>
<kw name="Element Text Should Be" library="Selenium2Library">
<arg>locator=//*[@id="__layout"]/div/div[2]/div[2]/div[2]/div/div[2]/div/table/thead/tr/th[3]</arg>
<arg>expected=${leave03}</arg>
<doc>Verifies that element ``locator`` contains exact the text ``expected``.</doc>
<msg timestamp="20220420 13:35:57.085" level="INFO">Verifying element '//*[@id="__layout"]/div/div[2]/div[2]/div[2]/div/div[2]/div/table/thead/tr/th[3]' contains exact text 'ตำแหน่ง'.</msg>
<status status="PASS" starttime="20220420 13:35:57.083" endtime="20220420 13:35:57.135"/>
</kw>
<kw name="Element Text Should Be" library="Selenium2Library">
<arg>locator=//*[@id="__layout"]/div/div[2]/div[2]/div[2]/div/div[2]/div/table/thead/tr/th[4]</arg>
<arg>expected=${leave04}</arg>
<doc>Verifies that element ``locator`` contains exact the text ``expected``.</doc>
<msg timestamp="20220420 13:35:57.137" level="INFO">Verifying element '//*[@id="__layout"]/div/div[2]/div[2]/div[2]/div/div[2]/div/table/thead/tr/th[4]' contains exact text 'การลา'.</msg>
<status status="PASS" starttime="20220420 13:35:57.136" endtime="20220420 13:35:57.187"/>
</kw>
<kw name="Element Text Should Be" library="Selenium2Library">
<arg>locator=//*[@id="__layout"]/div/div[2]/div[2]/div[2]/div/div[2]/div/table/thead/tr/th[5]</arg>
<arg>expected=${leave05}</arg>
<doc>Verifies that element ``locator`` contains exact the text ``expected``.</doc>
<msg timestamp="20220420 13:35:57.188" level="INFO">Verifying element '//*[@id="__layout"]/div/div[2]/div[2]/div[2]/div/div[2]/div/table/thead/tr/th[5]' contains exact text 'วันที่ลา'.</msg>
<status status="PASS" starttime="20220420 13:35:57.187" endtime="20220420 13:35:57.238"/>
</kw>
<kw name="Element Text Should Be" library="Selenium2Library">
<arg>locator=//*[@id="__layout"]/div/div[2]/div[2]/div[2]/div/div[2]/div/table/thead/tr/th[6]</arg>
<arg>expected=${leave06}</arg>
<doc>Verifies that element ``locator`` contains exact the text ``expected``.</doc>
<msg timestamp="20220420 13:35:57.240" level="INFO">Verifying element '//*[@id="__layout"]/div/div[2]/div[2]/div[2]/div/div[2]/div/table/thead/tr/th[6]' contains exact text 'ถึงวันที่'.</msg>
<status status="PASS" starttime="20220420 13:35:57.239" endtime="20220420 13:35:57.291"/>
</kw>
<kw name="Element Text Should Be" library="Selenium2Library">
<arg>locator=//*[@id="__layout"]/div/div[2]/div[2]/div[2]/div/div[2]/div/table/thead/tr/th[7]</arg>
<arg>expected=${leave07}</arg>
<doc>Verifies that element ``locator`` contains exact the text ``expected``.</doc>
<msg timestamp="20220420 13:35:57.293" level="INFO">Verifying element '//*[@id="__layout"]/div/div[2]/div[2]/div[2]/div/div[2]/div/table/thead/tr/th[7]' contains exact text 'สาเหตุ'.</msg>
<status status="PASS" starttime="20220420 13:35:57.291" endtime="20220420 13:35:57.345"/>
</kw>
<kw name="Element Text Should Be" library="Selenium2Library">
<arg>locator=//*[@id="__layout"]/div/div[2]/div[2]/div[2]/div/div[2]/div/table/thead/tr/th[8]</arg>
<arg>expected=${leave08}</arg>
<doc>Verifies that element ``locator`` contains exact the text ``expected``.</doc>
<msg timestamp="20220420 13:35:57.347" level="INFO">Verifying element '//*[@id="__layout"]/div/div[2]/div[2]/div[2]/div/div[2]/div/table/thead/tr/th[8]' contains exact text 'สถานะ'.</msg>
<status status="PASS" starttime="20220420 13:35:57.346" endtime="20220420 13:35:57.407"/>
</kw>
<kw name="Element Text Should Be" library="Selenium2Library">
<arg>locator=//*[@id="__layout"]/div/div[2]/div[2]/div[2]/div/div[2]/div/table/thead/tr/th[9]</arg>
<arg>expected=${leave09}</arg>
<doc>Verifies that element ``locator`` contains exact the text ``expected``.</doc>
<msg timestamp="20220420 13:35:57.409" level="INFO">Verifying element '//*[@id="__layout"]/div/div[2]/div[2]/div[2]/div/div[2]/div/table/thead/tr/th[9]' contains exact text 'เอกสาร'.</msg>
<status status="PASS" starttime="20220420 13:35:57.408" endtime="20220420 13:35:57.459"/>
</kw>
<kw name="Element Text Should Be" library="Selenium2Library">
<arg>locator=//*[@id="__layout"]/div/div[2]/div[2]/div[2]/div/div[2]/div/table/thead/tr/th[10]</arg>
<arg>expected=${leave10}</arg>
<doc>Verifies that element ``locator`` contains exact the text ``expected``.</doc>
<msg timestamp="20220420 13:35:57.461" level="INFO">Verifying element '//*[@id="__layout"]/div/div[2]/div[2]/div[2]/div/div[2]/div/table/thead/tr/th[10]' contains exact text 'การอนุมัติ'.</msg>
<status status="PASS" starttime="20220420 13:35:57.460" endtime="20220420 13:35:57.541"/>
</kw>
<status status="PASS" starttime="20220420 13:35:54.258" endtime="20220420 13:35:57.541"/>
</kw>
<kw name="Close All Browsers" library="Selenium2Library" type="TEARDOWN">
<doc>Closes all open browsers and resets the browser cache.</doc>
<status status="PASS" starttime="20220420 13:35:57.543" endtime="20220420 13:36:00.022"/>
</kw>
<status status="PASS" starttime="20220420 13:35:49.737" endtime="20220420 13:36:00.024"/>
</test>
<kw name="Close All Browsers" library="Selenium2Library" type="TEARDOWN">
<doc>Closes all open browsers and resets the browser cache.</doc>
<status status="PASS" starttime="20220420 13:36:00.030" endtime="20220420 13:36:00.031"/>
</kw>
<status status="PASS" starttime="20220420 13:35:48.815" endtime="20220420 13:36:00.031"/>
</suite>
<statistics>
<total>
<stat pass="1" fail="0" skip="0">All Tests</stat>
</total>
<tag>
</tag>
<suite>
<stat pass="1" fail="0" skip="0" id="s1" name="10.LeaveRequeast">10.LeaveRequeast</stat>
</suite>
</statistics>
<errors>
</errors>
</robot>
