<?xml version="1.0" encoding="UTF-8"?>
<robot generator="Robot 5.0 (Python 3.10.4 on win32)" generated="20220422 13:05:45.430" rpa="false" schemaversion="3">
<suite id="s1" name="10.OT" source="c:\Users\niphaphon\Desktop\HRM_automate\HRM_HR\testcase\10.OT.robot">
<test id="s1-t1" name="back to document ot page" line="101">
<kw name="Open Browser" library="Selenium2Library">
<arg>${host}</arg>
<arg>browser=chrome</arg>
<doc>Opens a new browser instance to the optional ``url``.</doc>
<msg timestamp="20220422 13:05:45.884" level="INFO">Opening browser 'chrome' to base url 'https://hr.dudee-indeed.com/th/login'.</msg>
<status status="PASS" starttime="20220422 13:05:45.882" endtime="20220422 13:05:48.593"/>
</kw>
<kw name="Maximize Browser Window" library="Selenium2Library">
<doc>Maximizes current browser window.</doc>
<status status="PASS" starttime="20220422 13:05:48.593" endtime="20220422 13:05:48.794"/>
</kw>
<kw name="login HR" library="keyword">
<kw name="Input Text" library="Selenium2Library">
<arg>//*[@id="__layout"]/div/div[2]/div/div/div/div[2]/div/div/input[1]</arg>
<arg>Dudeeindeedsh.pt</arg>
<doc>Types the given ``text`` into the text field identified by ``locator``.</doc>
<msg timestamp="20220422 13:05:48.802" level="INFO">Typing text 'Dudeeindeedsh.pt' into text field '//*[@id="__layout"]/div/div[2]/div/div/div/div[2]/div/div/input[1]'.</msg>
<status status="PASS" starttime="20220422 13:05:48.800" endtime="20220422 13:05:49.070"/>
</kw>
<kw name="Input Text" library="Selenium2Library">
<arg>//*[@id="__layout"]/div/div[2]/div/div/div/div[2]/div/div/input[2]</arg>
<arg>123456</arg>
<doc>Types the given ``text`` into the text field identified by ``locator``.</doc>
<msg timestamp="20220422 13:05:49.071" level="INFO">Typing text '123456' into text field '//*[@id="__layout"]/div/div[2]/div/div/div/div[2]/div/div/input[2]'.</msg>
<status status="PASS" starttime="20220422 13:05:49.070" endtime="20220422 13:05:49.199"/>
</kw>
<kw name="Click Button" library="Selenium2Library">
<arg>locator=//*[@id="__layout"]/div/div[2]/div/div/div/div[2]/div/div/button</arg>
<doc>Clicks the button identified by ``locator``.</doc>
<msg timestamp="20220422 13:05:49.200" level="INFO">Clicking button '//*[@id="__layout"]/div/div[2]/div/div/div/div[2]/div/div/button'.</msg>
<status status="PASS" starttime="20220422 13:05:49.199" endtime="20220422 13:05:49.287"/>
</kw>
<status status="PASS" starttime="20220422 13:05:48.797" endtime="20220422 13:05:49.287"/>
</kw>
<kw name="validate document ot" library="keyword2">
<kw name="Wait Until Element Contains" library="Selenium2Library">
<arg>locator=//*[@id="__layout"]/div/div[2]/div[1]/aside/div[1]/div[3]/div[11]</arg>
<arg>text=เอกสารขอ OT</arg>
<doc>Waits until the element ``locator`` contains ``text``.</doc>
<status status="PASS" starttime="20220422 13:05:49.290" endtime="20220422 13:05:50.115"/>
</kw>
<kw name="Click Element" library="Selenium2Library">
<arg>locator=//*[@id="__layout"]/div/div[2]/div[1]/aside/div[1]/div[3]/div[11]</arg>
<doc>Click the element identified by ``locator``.</doc>
<msg timestamp="20220422 13:05:50.116" level="INFO">Clicking element '//*[@id="__layout"]/div/div[2]/div[1]/aside/div[1]/div[3]/div[11]'.</msg>
<status status="PASS" starttime="20220422 13:05:50.116" endtime="20220422 13:05:50.610"/>
</kw>
<kw name="Sleep" library="BuiltIn">
<arg>2</arg>
<doc>Pauses the test executed for the given time.</doc>
<msg timestamp="20220422 13:05:52.626" level="INFO">Slept 2 seconds</msg>
<status status="PASS" starttime="20220422 13:05:50.610" endtime="20220422 13:05:52.626"/>
</kw>
<kw name="Wait Until Element Contains" library="Selenium2Library">
<arg>locator=//*[@id="__layout"]/div/div[2]/div[2]/div[2]/div/div[2]/div[2]/table/thead/tr/th[1]</arg>
<arg>text=รหัสพนักงาน</arg>
<doc>Waits until the element ``locator`` contains ``text``.</doc>
<status status="PASS" starttime="20220422 13:05:52.627" endtime="20220422 13:05:52.651"/>
</kw>
<kw name="Element Text Should Be" library="Selenium2Library">
<arg>locator=//*[@id="__layout"]/div/div[2]/div[2]/div[2]/div/div[1]/div/div</arg>
<arg>expected=รายการเอกสารขอ OT</arg>
<doc>Verifies that element ``locator`` contains exact the text ``expected``.</doc>
<msg timestamp="20220422 13:05:52.651" level="INFO">Verifying element '//*[@id="__layout"]/div/div[2]/div[2]/div[2]/div/div[1]/div/div' contains exact text 'รายการเอกสารขอ OT'.</msg>
<status status="PASS" starttime="20220422 13:05:52.651" endtime="20220422 13:05:52.678"/>
</kw>
<kw name="Element Text Should Be" library="Selenium2Library">
<arg>locator=//*[@id="__layout"]/div/div[2]/div[2]/div[2]/div/div[2]/div[2]/table/thead/tr/th[1]</arg>
<arg>expected=รหัสพนักงาน</arg>
<doc>Verifies that element ``locator`` contains exact the text ``expected``.</doc>
<msg timestamp="20220422 13:05:52.679" level="INFO">Verifying element '//*[@id="__layout"]/div/div[2]/div[2]/div[2]/div/div[2]/div[2]/table/thead/tr/th[1]' contains exact text 'รหัสพนักงาน'.</msg>
<status status="PASS" starttime="20220422 13:05:52.679" endtime="20220422 13:05:52.693"/>
</kw>
<kw name="Element Text Should Be" library="Selenium2Library">
<arg>locator=//*[@id="__layout"]/div/div[2]/div[2]/div[2]/div/div[2]/div[2]/table/thead/tr/th[2]</arg>
<arg>expected=ชื่อพนักงาน</arg>
<doc>Verifies that element ``locator`` contains exact the text ``expected``.</doc>
<msg timestamp="20220422 13:05:52.693" level="INFO">Verifying element '//*[@id="__layout"]/div/div[2]/div[2]/div[2]/div/div[2]/div[2]/table/thead/tr/th[2]' contains exact text 'ชื่อพนักงาน'.</msg>
<status status="PASS" starttime="20220422 13:05:52.693" endtime="20220422 13:05:52.716"/>
</kw>
<kw name="Element Text Should Be" library="Selenium2Library">
<arg>locator=//*[@id="__layout"]/div/div[2]/div[2]/div[2]/div/div[2]/div[2]/table/thead/tr/th[3]</arg>
<arg>expected=ตำแหน่ง</arg>
<doc>Verifies that element ``locator`` contains exact the text ``expected``.</doc>
<msg timestamp="20220422 13:05:52.716" level="INFO">Verifying element '//*[@id="__layout"]/div/div[2]/div[2]/div[2]/div/div[2]/div[2]/table/thead/tr/th[3]' contains exact text 'ตำแหน่ง'.</msg>
<status status="PASS" starttime="20220422 13:05:52.716" endtime="20220422 13:05:52.737"/>
</kw>
<kw name="Element Text Should Be" library="Selenium2Library">
<arg>locator=//*[@id="__layout"]/div/div[2]/div[2]/div[2]/div/div[2]/div[2]/table/thead/tr/th[4]</arg>
<arg>expected=สาขา</arg>
<doc>Verifies that element ``locator`` contains exact the text ``expected``.</doc>
<msg timestamp="20220422 13:05:52.738" level="INFO">Verifying element '//*[@id="__layout"]/div/div[2]/div[2]/div[2]/div/div[2]/div[2]/table/thead/tr/th[4]' contains exact text 'สาขา'.</msg>
<status status="PASS" starttime="20220422 13:05:52.738" endtime="20220422 13:05:52.763"/>
</kw>
<kw name="Element Text Should Be" library="Selenium2Library">
<arg>locator=//*[@id="__layout"]/div/div[2]/div[2]/div[2]/div/div[2]/div[2]/table/thead/tr/th[5]</arg>
<arg>expected=วันที่</arg>
<doc>Verifies that element ``locator`` contains exact the text ``expected``.</doc>
<msg timestamp="20220422 13:05:52.763" level="INFO">Verifying element '//*[@id="__layout"]/div/div[2]/div[2]/div[2]/div/div[2]/div[2]/table/thead/tr/th[5]' contains exact text 'วันที่'.</msg>
<status status="PASS" starttime="20220422 13:05:52.763" endtime="20220422 13:05:52.785"/>
</kw>
<kw name="Element Text Should Be" library="Selenium2Library">
<arg>locator=//*[@id="__layout"]/div/div[2]/div[2]/div[2]/div/div[2]/div[2]/table/thead/tr/th[6]</arg>
<arg>expected=ประเภทการขอ OT</arg>
<doc>Verifies that element ``locator`` contains exact the text ``expected``.</doc>
<msg timestamp="20220422 13:05:52.786" level="INFO">Verifying element '//*[@id="__layout"]/div/div[2]/div[2]/div[2]/div/div[2]/div[2]/table/thead/tr/th[6]' contains exact text 'ประเภทการขอ OT'.</msg>
<status status="PASS" starttime="20220422 13:05:52.785" endtime="20220422 13:05:52.808"/>
</kw>
<kw name="Element Text Should Be" library="Selenium2Library">
<arg>locator=//*[@id="__layout"]/div/div[2]/div[2]/div[2]/div/div[2]/div[2]/table/thead/tr/th[7]</arg>
<arg>expected=สถานะ</arg>
<doc>Verifies that element ``locator`` contains exact the text ``expected``.</doc>
<msg timestamp="20220422 13:05:52.809" level="INFO">Verifying element '//*[@id="__layout"]/div/div[2]/div[2]/div[2]/div/div[2]/div[2]/table/thead/tr/th[7]' contains exact text 'สถานะ'.</msg>
<status status="PASS" starttime="20220422 13:05:52.809" endtime="20220422 13:05:52.831"/>
</kw>
<kw name="Element Text Should Be" library="Selenium2Library">
<arg>locator=//*[@id="__layout"]/div/div[2]/div[2]/div[2]/div/div[2]/div[2]/table/thead/tr/th[8]</arg>
<arg>expected=เอกสาร</arg>
<doc>Verifies that element ``locator`` contains exact the text ``expected``.</doc>
<msg timestamp="20220422 13:05:52.832" level="INFO">Verifying element '//*[@id="__layout"]/div/div[2]/div[2]/div[2]/div/div[2]/div[2]/table/thead/tr/th[8]' contains exact text 'เอกสาร'.</msg>
<status status="PASS" starttime="20220422 13:05:52.831" endtime="20220422 13:05:52.853"/>
</kw>
<status status="PASS" starttime="20220422 13:05:49.289" endtime="20220422 13:05:52.853"/>
</kw>
<kw name="back to document ot page" library="keyword2">
<kw name="Click Element" library="Selenium2Library">
<arg>locator=//*[@id="__layout"]/div/div[2]/div[2]/div[2]/div/div[2]/div[2]/table/tbody/tr/td[8]/div/button/i</arg>
<doc>Click the element identified by ``locator``.</doc>
<msg timestamp="20220422 13:05:52.855" level="INFO">Clicking element '//*[@id="__layout"]/div/div[2]/div[2]/div[2]/div/div[2]/div[2]/table/tbody/tr/td[8]/div/button/i'.</msg>
<status status="PASS" starttime="20220422 13:05:52.854" endtime="20220422 13:05:52.900"/>
</kw>
<kw name="Sleep" library="BuiltIn">
<arg>2</arg>
<doc>Pauses the test executed for the given time.</doc>
<msg timestamp="20220422 13:05:54.914" level="INFO">Slept 2 seconds</msg>
<status status="PASS" starttime="20220422 13:05:52.900" endtime="20220422 13:05:54.914"/>
</kw>
<kw name="Click Element" library="Selenium2Library">
<arg>locator=//*[@id="__layout"]/div/div/div/div[2]/button</arg>
<doc>Click the element identified by ``locator``.</doc>
<msg timestamp="20220422 13:05:54.915" level="INFO">Clicking element '//*[@id="__layout"]/div/div/div/div[2]/button'.</msg>
<status status="PASS" starttime="20220422 13:05:54.915" endtime="20220422 13:05:54.977"/>
</kw>
<status status="PASS" starttime="20220422 13:05:52.853" endtime="20220422 13:05:54.977"/>
</kw>
<kw name="Sleep" library="BuiltIn">
<arg>3</arg>
<doc>Pauses the test executed for the given time.</doc>
<msg timestamp="20220422 13:05:57.985" level="INFO">Slept 3 seconds</msg>
<status status="PASS" starttime="20220422 13:05:54.978" endtime="20220422 13:05:57.985"/>
</kw>
<kw name="Close All Browsers" library="Selenium2Library" type="TEARDOWN">
<doc>Closes all open browsers and resets the browser cache.</doc>
<status status="PASS" starttime="20220422 13:05:57.986" endtime="20220422 13:06:00.510"/>
</kw>
<status status="PASS" starttime="20220422 13:05:45.881" endtime="20220422 13:06:00.511"/>
</test>
<kw name="Close All Browsers" library="Selenium2Library" type="TEARDOWN">
<doc>Closes all open browsers and resets the browser cache.</doc>
<status status="PASS" starttime="20220422 13:06:00.514" endtime="20220422 13:06:00.515"/>
</kw>
<status status="PASS" starttime="20220422 13:05:45.437" endtime="20220422 13:06:00.515"/>
</suite>
<statistics>
<total>
<stat pass="1" fail="0" skip="0">All Tests</stat>
</total>
<tag>
</tag>
<suite>
<stat pass="1" fail="0" skip="0" id="s1" name="10.OT">10.OT</stat>
</suite>
</statistics>
<errors>
</errors>
</robot>
