<?xml version="1.0" encoding="UTF-8"?>
<robot generator="Robot 5.0 (Python 3.10.4 on win32)" generated="20220405 17:28:54.220" rpa="false" schemaversion="3">
<suite id="s1" name="Owner1" source="c:\Users\niphaphon\Desktop\HRM_automate\HRM_Owner\testcase\Owner1.robot">
<test id="s1-t1" name="test30" line="162">
<kw name="Open Browser" library="Selenium2Library">
<arg>${host}</arg>
<arg>browser=chrome</arg>
<doc>Opens a new browser instance to the optional ``url``.</doc>
<msg timestamp="20220405 17:28:54.497" level="INFO">Opening browser 'chrome' to base url 'https://hr.dudee-indeed.com/th/login'.</msg>
<status status="PASS" starttime="20220405 17:28:54.496" endtime="20220405 17:28:56.542"/>
</kw>
<kw name="Maximize Browser Window" library="Selenium2Library">
<doc>Maximizes current browser window.</doc>
<status status="PASS" starttime="20220405 17:28:56.543" endtime="20220405 17:28:56.668"/>
</kw>
<kw name="login owner" library="keyword">
<kw name="Input Text" library="Selenium2Library">
<arg>//*[@id="__layout"]/div/div[2]/div/div/div/div[2]/div/div/input[1]</arg>
<arg>Dudeeindeed.pt</arg>
<doc>Types the given ``text`` into the text field identified by ``locator``.</doc>
<msg timestamp="20220405 17:28:56.671" level="INFO">Typing text 'Dudeeindeed.pt' into text field '//*[@id="__layout"]/div/div[2]/div/div/div/div[2]/div/div/input[1]'.</msg>
<status status="PASS" starttime="20220405 17:28:56.671" endtime="20220405 17:28:56.822"/>
</kw>
<kw name="Input Text" library="Selenium2Library">
<arg>//*[@id="__layout"]/div/div[2]/div/div/div/div[2]/div/div/input[2]</arg>
<arg>123456</arg>
<doc>Types the given ``text`` into the text field identified by ``locator``.</doc>
<msg timestamp="20220405 17:28:56.823" level="INFO">Typing text '123456' into text field '//*[@id="__layout"]/div/div[2]/div/div/div/div[2]/div/div/input[2]'.</msg>
<status status="PASS" starttime="20220405 17:28:56.823" endtime="20220405 17:28:56.902"/>
</kw>
<kw name="Click Button" library="Selenium2Library">
<arg>locator=//*[@id="__layout"]/div/div[2]/div/div/div/div[2]/div/div/button</arg>
<doc>Clicks the button identified by ``locator``.</doc>
<msg timestamp="20220405 17:28:56.902" level="INFO">Clicking button '//*[@id="__layout"]/div/div[2]/div/div/div/div[2]/div/div/button'.</msg>
<status status="PASS" starttime="20220405 17:28:56.902" endtime="20220405 17:28:56.955"/>
</kw>
<status status="PASS" starttime="20220405 17:28:56.669" endtime="20220405 17:28:56.955"/>
</kw>
<kw name="validate employee info page" library="keyword">
<kw name="Wait Until Element Contains" library="Selenium2Library">
<arg>locator=//*[@id="__layout"]/div/div[2]/div[2]/div[2]/div/div[2]/div[1]/div[1]/div[1]/div/div[1]/span</arg>
<arg>text=${text01}</arg>
<doc>Waits until the element ``locator`` contains ``text``.</doc>
<status status="PASS" starttime="20220405 17:28:56.956" endtime="20220405 17:28:57.664"/>
</kw>
<kw name="Click Element" library="Selenium2Library">
<arg>locator=//*[@id="__layout"]/div/div[2]/div[1]/aside/div[1]/div[3]/div[9]</arg>
<doc>Click the element identified by ``locator``.</doc>
<msg timestamp="20220405 17:28:57.665" level="INFO">Clicking element '//*[@id="__layout"]/div/div[2]/div[1]/aside/div[1]/div[3]/div[9]'.</msg>
<status status="PASS" starttime="20220405 17:28:57.665" endtime="20220405 17:28:57.717"/>
</kw>
<kw name="Wait Until Element Contains" library="Selenium2Library">
<arg>locator=//*[@id="__layout"]/div/div[2]/div[2]/div[2]/div/div[2]/div[3]/table/thead/tr/th[1]/div</arg>
<arg>text=${employee03}</arg>
<doc>Waits until the element ``locator`` contains ``text``.</doc>
<status status="PASS" starttime="20220405 17:28:57.717" endtime="20220405 17:28:58.543"/>
</kw>
<kw name="Element Text Should Be" library="Selenium2Library">
<arg>locator=//*[@id="__layout"]/div/div[2]/div[2]/div[2]/div/div[1]/div/div</arg>
<arg>expected=${employee01}</arg>
<doc>Verifies that element ``locator`` contains exact the text ``expected``.</doc>
<msg timestamp="20220405 17:28:58.544" level="INFO">Verifying element '//*[@id="__layout"]/div/div[2]/div[2]/div[2]/div/div[1]/div/div' contains exact text 'รายการข้อมูลพนักงาน'.</msg>
<status status="PASS" starttime="20220405 17:28:58.543" endtime="20220405 17:28:58.563"/>
</kw>
<kw name="Element Text Should Be" library="Selenium2Library">
<arg>locator=//*[@id="__layout"]/div/div[2]/div[2]/div[2]/div/div[2]/div[2]/button</arg>
<arg>expected=${employee02}</arg>
<doc>Verifies that element ``locator`` contains exact the text ``expected``.</doc>
<msg timestamp="20220405 17:28:58.564" level="INFO">Verifying element '//*[@id="__layout"]/div/div[2]/div[2]/div[2]/div/div[2]/div[2]/button' contains exact text '+ พนักงาน'.</msg>
<status status="PASS" starttime="20220405 17:28:58.564" endtime="20220405 17:28:58.592"/>
</kw>
<kw name="Element Text Should Be" library="Selenium2Library">
<arg>locator=//*[@id="__layout"]/div/div[2]/div[2]/div[2]/div/div[2]/div[3]/table/thead/tr/th[1]/div</arg>
<arg>expected=${employee03}</arg>
<doc>Verifies that element ``locator`` contains exact the text ``expected``.</doc>
<msg timestamp="20220405 17:28:58.593" level="INFO">Verifying element '//*[@id="__layout"]/div/div[2]/div[2]/div[2]/div/div[2]/div[3]/table/thead/tr/th[1]/div' contains exact text 'รหัสพนักงาน'.</msg>
<status status="PASS" starttime="20220405 17:28:58.592" endtime="20220405 17:28:58.604"/>
</kw>
<kw name="Element Text Should Be" library="Selenium2Library">
<arg>locator=//*[@id="__layout"]/div/div[2]/div[2]/div[2]/div/div[2]/div[3]/table/thead/tr/th[2]</arg>
<arg>expected=${employee04}</arg>
<doc>Verifies that element ``locator`` contains exact the text ``expected``.</doc>
<msg timestamp="20220405 17:28:58.605" level="INFO">Verifying element '//*[@id="__layout"]/div/div[2]/div[2]/div[2]/div/div[2]/div[3]/table/thead/tr/th[2]' contains exact text 'ชื่อ'.</msg>
<status status="PASS" starttime="20220405 17:28:58.604" endtime="20220405 17:28:58.625"/>
</kw>
<kw name="Element Text Should Be" library="Selenium2Library">
<arg>locator=//*[@id="__layout"]/div/div[2]/div[2]/div[2]/div/div[2]/div[3]/table/thead/tr/th[3]</arg>
<arg>expected=${employee05}</arg>
<doc>Verifies that element ``locator`` contains exact the text ``expected``.</doc>
<msg timestamp="20220405 17:28:58.626" level="INFO">Verifying element '//*[@id="__layout"]/div/div[2]/div[2]/div[2]/div/div[2]/div[3]/table/thead/tr/th[3]' contains exact text 'ติดต่อ'.</msg>
<status status="PASS" starttime="20220405 17:28:58.625" endtime="20220405 17:28:58.645"/>
</kw>
<kw name="Element Text Should Be" library="Selenium2Library">
<arg>locator=//*[@id="__layout"]/div/div[2]/div[2]/div[2]/div/div[2]/div[3]/table/thead/tr/th[4]</arg>
<arg>expected=${employee06}</arg>
<doc>Verifies that element ``locator`` contains exact the text ``expected``.</doc>
<msg timestamp="20220405 17:28:58.646" level="INFO">Verifying element '//*[@id="__layout"]/div/div[2]/div[2]/div[2]/div/div[2]/div[3]/table/thead/tr/th[4]' contains exact text 'สังกัด'.</msg>
<status status="PASS" starttime="20220405 17:28:58.645" endtime="20220405 17:28:58.664"/>
</kw>
<kw name="Element Text Should Be" library="Selenium2Library">
<arg>locator=//*[@id="__layout"]/div/div[2]/div[2]/div[2]/div/div[2]/div[3]/table/thead/tr/th[5]</arg>
<arg>expected=${employee07}</arg>
<doc>Verifies that element ``locator`` contains exact the text ``expected``.</doc>
<msg timestamp="20220405 17:28:58.665" level="INFO">Verifying element '//*[@id="__layout"]/div/div[2]/div[2]/div[2]/div/div[2]/div[3]/table/thead/tr/th[5]' contains exact text 'สาขา'.</msg>
<status status="PASS" starttime="20220405 17:28:58.665" endtime="20220405 17:28:58.683"/>
</kw>
<kw name="Element Text Should Be" library="Selenium2Library">
<arg>locator=//*[@id="__layout"]/div/div[2]/div[2]/div[2]/div/div[2]/div[3]/table/thead/tr/th[6]</arg>
<arg>expected=${employee08}</arg>
<doc>Verifies that element ``locator`` contains exact the text ``expected``.</doc>
<msg timestamp="20220405 17:28:58.684" level="INFO">Verifying element '//*[@id="__layout"]/div/div[2]/div[2]/div[2]/div/div[2]/div[3]/table/thead/tr/th[6]' contains exact text 'ประเภทเงินเดือน'.</msg>
<status status="PASS" starttime="20220405 17:28:58.684" endtime="20220405 17:28:58.703"/>
</kw>
<kw name="Element Text Should Be" library="Selenium2Library">
<arg>locator=//*[@id="__layout"]/div/div[2]/div[2]/div[2]/div/div[2]/div[3]/table/thead/tr/th[7]</arg>
<arg>expected=${employee09}</arg>
<doc>Verifies that element ``locator`` contains exact the text ``expected``.</doc>
<msg timestamp="20220405 17:28:58.703" level="INFO">Verifying element '//*[@id="__layout"]/div/div[2]/div[2]/div[2]/div/div[2]/div[3]/table/thead/tr/th[7]' contains exact text 'เครื่องสแกน'.</msg>
<status status="PASS" starttime="20220405 17:28:58.703" endtime="20220405 17:28:58.724"/>
</kw>
<kw name="Element Text Should Be" library="Selenium2Library">
<arg>locator=//*[@id="__layout"]/div/div[2]/div[2]/div[2]/div/div[2]/div[3]/table/thead/tr/th[8]</arg>
<arg>expected=${employee10}</arg>
<doc>Verifies that element ``locator`` contains exact the text ``expected``.</doc>
<msg timestamp="20220405 17:28:58.725" level="INFO">Verifying element '//*[@id="__layout"]/div/div[2]/div[2]/div[2]/div/div[2]/div[3]/table/thead/tr/th[8]' contains exact text 'บัญชี'.</msg>
<status status="PASS" starttime="20220405 17:28:58.724" endtime="20220405 17:28:58.742"/>
</kw>
<kw name="Element Text Should Be" library="Selenium2Library">
<arg>locator=//*[@id="__layout"]/div/div[2]/div[2]/div[2]/div/div[2]/div[3]/table/thead/tr/th[9]</arg>
<arg>expected=${employee11}</arg>
<doc>Verifies that element ``locator`` contains exact the text ``expected``.</doc>
<msg timestamp="20220405 17:28:58.743" level="INFO">Verifying element '//*[@id="__layout"]/div/div[2]/div[2]/div[2]/div/div[2]/div[3]/table/thead/tr/th[9]' contains exact text 'ลบข้อมูล'.</msg>
<status status="PASS" starttime="20220405 17:28:58.742" endtime="20220405 17:28:58.763"/>
</kw>
<kw name="Element Text Should Be" library="Selenium2Library">
<arg>locator=//*[@id="__layout"]/div/div[2]/div[2]/div[2]/div/div[2]/div[3]/table/thead/tr/th[10]</arg>
<arg>expected=${employee12}</arg>
<doc>Verifies that element ``locator`` contains exact the text ``expected``.</doc>
<msg timestamp="20220405 17:28:58.764" level="INFO">Verifying element '//*[@id="__layout"]/div/div[2]/div[2]/div[2]/div/div[2]/div[3]/table/thead/tr/th[10]' contains exact text 'ลาออก'.</msg>
<status status="PASS" starttime="20220405 17:28:58.763" endtime="20220405 17:28:58.782"/>
</kw>
<kw name="Element Text Should Be" library="Selenium2Library">
<arg>locator=//*[@id="__layout"]/div/div[2]/div[2]/div[2]/div/div[2]/div[3]/table/thead/tr/th[11]</arg>
<arg>expected=${employee13}</arg>
<doc>Verifies that element ``locator`` contains exact the text ``expected``.</doc>
<msg timestamp="20220405 17:28:58.782" level="INFO">Verifying element '//*[@id="__layout"]/div/div[2]/div[2]/div[2]/div/div[2]/div[3]/table/thead/tr/th[11]' contains exact text 'ไล่ออก'.</msg>
<status status="PASS" starttime="20220405 17:28:58.782" endtime="20220405 17:28:58.801"/>
</kw>
<status status="PASS" starttime="20220405 17:28:56.956" endtime="20220405 17:28:58.801"/>
</kw>
<kw name="search employee phone number" library="keyword">
<kw name="Input Text" library="Selenium2Library">
<arg>//*[@placeholder="ค้นหาด้วยเบอร์มือถือพนักงาน"]</arg>
<arg>0955948388</arg>
<doc>Types the given ``text`` into the text field identified by ``locator``.</doc>
<msg timestamp="20220405 17:28:58.803" level="INFO">Typing text '0955948388' into text field '//*[@placeholder="ค้นหาด้วยเบอร์มือถือพนักงาน"]'.</msg>
<status status="PASS" starttime="20220405 17:28:58.802" endtime="20220405 17:28:58.899"/>
</kw>
<kw name="Wait Until Element Contains" library="Selenium2Library">
<arg>locator=//*[@id="__layout"]/div/div[2]/div[2]/div[2]/div/div[2]/div[3]/table/tbody/tr/td[2]</arg>
<arg>text=ก้องพิภพ ศิลป์อักษรทรัพย์ (แอ็คชั่น)</arg>
<doc>Waits until the element ``locator`` contains ``text``.</doc>
<status status="PASS" starttime="20220405 17:28:58.899" endtime="20220405 17:28:58.920"/>
</kw>
<kw name="Element Text Should Be" library="Selenium2Library">
<arg>locator=//*[@id="__layout"]/div/div[2]/div[2]/div[2]/div/div[2]/div[3]/table/tbody/tr/td[2]</arg>
<arg>expected=ก้องพิภพ ศิลป์อักษรทรัพย์ (แอ็คชั่น)</arg>
<doc>Verifies that element ``locator`` contains exact the text ``expected``.</doc>
<msg timestamp="20220405 17:28:58.921" level="INFO">Verifying element '//*[@id="__layout"]/div/div[2]/div[2]/div[2]/div/div[2]/div[3]/table/tbody/tr/td[2]' contains exact text 'ก้องพิภพ ศิลป์อักษรทรัพย์ (แอ็คชั่น)'.</msg>
<status status="PASS" starttime="20220405 17:28:58.921" endtime="20220405 17:28:58.934"/>
</kw>
<status status="PASS" starttime="20220405 17:28:58.802" endtime="20220405 17:28:58.934"/>
</kw>
<kw name="Close All Browsers" library="Selenium2Library" type="TEARDOWN">
<doc>Closes all open browsers and resets the browser cache.</doc>
<status status="PASS" starttime="20220405 17:28:58.935" endtime="20220405 17:29:02.230"/>
</kw>
<status status="PASS" starttime="20220405 17:28:54.495" endtime="20220405 17:29:02.231"/>
</test>
<kw name="Close All Browsers" library="Selenium2Library" type="TEARDOWN">
<doc>Closes all open browsers and resets the browser cache.</doc>
<status status="PASS" starttime="20220405 17:29:02.233" endtime="20220405 17:29:02.234"/>
</kw>
<status status="PASS" starttime="20220405 17:28:54.226" endtime="20220405 17:29:02.234"/>
</suite>
<statistics>
<total>
<stat pass="1" fail="0" skip="0">All Tests</stat>
</total>
<tag>
</tag>
<suite>
<stat pass="1" fail="0" skip="0" id="s1" name="Owner1">Owner1</stat>
</suite>
</statistics>
<errors>
</errors>
</robot>
