<?xml version="1.0" encoding="UTF-8"?>
<robot generator="Robot 5.0 (Python 3.10.4 on win32)" generated="20220419 17:18:16.702" rpa="false" schemaversion="3">
<suite id="s1" name="Owner3" source="c:\Users\niphaphon\Desktop\HRM_automate\HRM_Owner\testcase\Owner3.robot">
<test id="s1-t1" name="back to salary calculator page from salary detail" line="519">
<kw name="Open Browser" library="Selenium2Library">
<arg>${host}</arg>
<arg>browser=chrome</arg>
<doc>Opens a new browser instance to the optional ``url``.</doc>
<msg timestamp="20220419 17:18:17.118" level="INFO">Opening browser 'chrome' to base url 'https://hr.dudee-indeed.com/th/login'.</msg>
<status status="PASS" starttime="20220419 17:18:17.118" endtime="20220419 17:18:19.766"/>
</kw>
<kw name="Maximize Browser Window" library="Selenium2Library">
<doc>Maximizes current browser window.</doc>
<status status="PASS" starttime="20220419 17:18:19.768" endtime="20220419 17:18:19.911"/>
</kw>
<kw name="login owner" library="keyword">
<kw name="Input Text" library="Selenium2Library">
<arg>//*[@id="__layout"]/div/div[2]/div/div/div/div[2]/div/div/input[1]</arg>
<arg>Dudeeindeed.pt</arg>
<doc>Types the given ``text`` into the text field identified by ``locator``.</doc>
<msg timestamp="20220419 17:18:19.913" level="INFO">Typing text 'Dudeeindeed.pt' into text field '//*[@id="__layout"]/div/div[2]/div/div/div/div[2]/div/div/input[1]'.</msg>
<status status="PASS" starttime="20220419 17:18:19.912" endtime="20220419 17:18:20.107"/>
</kw>
<kw name="Input Text" library="Selenium2Library">
<arg>//*[@id="__layout"]/div/div[2]/div/div/div/div[2]/div/div/input[2]</arg>
<arg>123456</arg>
<doc>Types the given ``text`` into the text field identified by ``locator``.</doc>
<msg timestamp="20220419 17:18:20.109" level="INFO">Typing text '123456' into text field '//*[@id="__layout"]/div/div[2]/div/div/div/div[2]/div/div/input[2]'.</msg>
<status status="PASS" starttime="20220419 17:18:20.108" endtime="20220419 17:18:20.194"/>
</kw>
<kw name="Click Button" library="Selenium2Library">
<arg>locator=//*[@id="__layout"]/div/div[2]/div/div/div/div[2]/div/div/button</arg>
<doc>Clicks the button identified by ``locator``.</doc>
<msg timestamp="20220419 17:18:20.195" level="INFO">Clicking button '//*[@id="__layout"]/div/div[2]/div/div/div/div[2]/div/div/button'.</msg>
<status status="PASS" starttime="20220419 17:18:20.195" endtime="20220419 17:18:20.274"/>
</kw>
<status status="PASS" starttime="20220419 17:18:19.912" endtime="20220419 17:18:20.274"/>
</kw>
<kw name="validate salary calculator" library="keyword3">
<kw name="Wait Until Element Contains" library="Selenium2Library">
<arg>locator=//*[@id="__layout"]/div/div[2]/div[1]/aside/div[1]/div[3]/div[22]/p</arg>
<arg>text=${salaryCal01}</arg>
<doc>Waits until the element ``locator`` contains ``text``.</doc>
<status status="PASS" starttime="20220419 17:18:20.276" endtime="20220419 17:18:20.997"/>
</kw>
<kw name="Click Element" library="Selenium2Library">
<arg>locator=//*[@id="__layout"]/div/div[2]/div[1]/aside/div[1]/div[3]/div[22]/p</arg>
<doc>Click the element identified by ``locator``.</doc>
<msg timestamp="20220419 17:18:20.997" level="INFO">Clicking element '//*[@id="__layout"]/div/div[2]/div[1]/aside/div[1]/div[3]/div[22]/p'.</msg>
<status status="PASS" starttime="20220419 17:18:20.997" endtime="20220419 17:18:21.086"/>
</kw>
<kw name="Wait Until Element Contains" library="Selenium2Library">
<arg>locator=//*[@id="__layout"]/div/div[2]/div[2]/div[2]/div/div[2]/div[2]/table/thead/tr/th[1]</arg>
<arg>text=${salaryCal05}</arg>
<doc>Waits until the element ``locator`` contains ``text``.</doc>
<status status="PASS" starttime="20220419 17:18:21.086" endtime="20220419 17:18:22.049"/>
</kw>
<kw name="Element Text Should Be" library="Selenium2Library">
<arg>locator=//*[@id="__layout"]/div/div[2]/div[2]/div[2]/div/div[1]/div/div</arg>
<arg>expected=${salaryCal02}</arg>
<doc>Verifies that element ``locator`` contains exact the text ``expected``.</doc>
<msg timestamp="20220419 17:18:22.050" level="INFO">Verifying element '//*[@id="__layout"]/div/div[2]/div[2]/div[2]/div/div[1]/div/div' contains exact text 'รายการข้อมูลคำนวณเงินเดือน'.</msg>
<status status="PASS" starttime="20220419 17:18:22.049" endtime="20220419 17:18:22.071"/>
</kw>
<kw name="Element Text Should Be" library="Selenium2Library">
<arg>locator=//*[@id="__layout"]/div/div[2]/div[2]/div[2]/div/div[2]/div[1]/div[2]/button[1]</arg>
<arg>expected=${salaryCal03}</arg>
<doc>Verifies that element ``locator`` contains exact the text ``expected``.</doc>
<msg timestamp="20220419 17:18:22.071" level="INFO">Verifying element '//*[@id="__layout"]/div/div[2]/div[2]/div[2]/div/div[2]/div[1]/div[2]/button[1]' contains exact text '+ คำนวณค่าแรงรายวัน'.</msg>
<status status="PASS" starttime="20220419 17:18:22.071" endtime="20220419 17:18:22.099"/>
</kw>
<kw name="Element Text Should Be" library="Selenium2Library">
<arg>locator=//*[@id="__layout"]/div/div[2]/div[2]/div[2]/div/div[2]/div[1]/div[2]/button[2]</arg>
<arg>expected=${salaryCal04}</arg>
<doc>Verifies that element ``locator`` contains exact the text ``expected``.</doc>
<msg timestamp="20220419 17:18:22.100" level="INFO">Verifying element '//*[@id="__layout"]/div/div[2]/div[2]/div[2]/div/div[2]/div[1]/div[2]/button[2]' contains exact text '+ คำนวณเงินเดือน'.</msg>
<status status="PASS" starttime="20220419 17:18:22.099" endtime="20220419 17:18:22.133"/>
</kw>
<kw name="Element Text Should Be" library="Selenium2Library">
<arg>locator=//*[@id="__layout"]/div/div[2]/div[2]/div[2]/div/div[2]/div[2]/table/thead/tr/th[1]</arg>
<arg>expected=${salaryCal05}</arg>
<doc>Verifies that element ``locator`` contains exact the text ``expected``.</doc>
<msg timestamp="20220419 17:18:22.134" level="INFO">Verifying element '//*[@id="__layout"]/div/div[2]/div[2]/div[2]/div/div[2]/div[2]/table/thead/tr/th[1]' contains exact text 'ลำดับ'.</msg>
<status status="PASS" starttime="20220419 17:18:22.134" endtime="20220419 17:18:22.151"/>
</kw>
<kw name="Element Text Should Be" library="Selenium2Library">
<arg>locator=//*[@id="__layout"]/div/div[2]/div[2]/div[2]/div/div[2]/div[2]/table/thead/tr/th[2]</arg>
<arg>expected=${salaryCal06}</arg>
<doc>Verifies that element ``locator`` contains exact the text ``expected``.</doc>
<msg timestamp="20220419 17:18:22.152" level="INFO">Verifying element '//*[@id="__layout"]/div/div[2]/div[2]/div[2]/div/div[2]/div[2]/table/thead/tr/th[2]' contains exact text 'ประเภทเงินเดือน'.</msg>
<status status="PASS" starttime="20220419 17:18:22.152" endtime="20220419 17:18:22.177"/>
</kw>
<kw name="Element Text Should Be" library="Selenium2Library">
<arg>locator=//*[@id="__layout"]/div/div[2]/div[2]/div[2]/div/div[2]/div[2]/table/thead/tr/th[3]</arg>
<arg>expected=${salaryCal07}</arg>
<doc>Verifies that element ``locator`` contains exact the text ``expected``.</doc>
<msg timestamp="20220419 17:18:22.178" level="INFO">Verifying element '//*[@id="__layout"]/div/div[2]/div[2]/div[2]/div/div[2]/div[2]/table/thead/tr/th[3]' contains exact text 'วันที่คำนวณเงินเดือน'.</msg>
<status status="PASS" starttime="20220419 17:18:22.177" endtime="20220419 17:18:22.201"/>
</kw>
<kw name="Element Text Should Be" library="Selenium2Library">
<arg>locator=//*[@id="__layout"]/div/div[2]/div[2]/div[2]/div/div[2]/div[2]/table/thead/tr/th[4]</arg>
<arg>expected=${salaryCal08}</arg>
<doc>Verifies that element ``locator`` contains exact the text ``expected``.</doc>
<msg timestamp="20220419 17:18:22.202" level="INFO">Verifying element '//*[@id="__layout"]/div/div[2]/div[2]/div[2]/div/div[2]/div[2]/table/thead/tr/th[4]' contains exact text 'ตำแหน่ง'.</msg>
<status status="PASS" starttime="20220419 17:18:22.202" endtime="20220419 17:18:22.222"/>
</kw>
<kw name="Element Text Should Be" library="Selenium2Library">
<arg>locator=//*[@id="__layout"]/div/div[2]/div[2]/div[2]/div/div[2]/div[2]/table/thead/tr/th[5]</arg>
<arg>expected=${salaryCal09}</arg>
<doc>Verifies that element ``locator`` contains exact the text ``expected``.</doc>
<msg timestamp="20220419 17:18:22.223" level="INFO">Verifying element '//*[@id="__layout"]/div/div[2]/div[2]/div[2]/div/div[2]/div[2]/table/thead/tr/th[5]' contains exact text 'จำนวนเงินสุทธิ'.</msg>
<status status="PASS" starttime="20220419 17:18:22.223" endtime="20220419 17:18:22.245"/>
</kw>
<kw name="Element Text Should Be" library="Selenium2Library">
<arg>locator=//*[@id="__layout"]/div/div[2]/div[2]/div[2]/div/div[2]/div[2]/table/thead/tr/th[6]</arg>
<arg>expected=${salaryCal10}</arg>
<doc>Verifies that element ``locator`` contains exact the text ``expected``.</doc>
<msg timestamp="20220419 17:18:22.245" level="INFO">Verifying element '//*[@id="__layout"]/div/div[2]/div[2]/div[2]/div/div[2]/div[2]/table/thead/tr/th[6]' contains exact text 'วันที่สร้าง'.</msg>
<status status="PASS" starttime="20220419 17:18:22.245" endtime="20220419 17:18:22.266"/>
</kw>
<kw name="Element Text Should Be" library="Selenium2Library">
<arg>locator=//*[@id="__layout"]/div/div[2]/div[2]/div[2]/div/div[2]/div[2]/table/thead/tr/th[7]</arg>
<arg>expected=${salaryCal11}</arg>
<doc>Verifies that element ``locator`` contains exact the text ``expected``.</doc>
<msg timestamp="20220419 17:18:22.267" level="INFO">Verifying element '//*[@id="__layout"]/div/div[2]/div[2]/div[2]/div/div[2]/div[2]/table/thead/tr/th[7]' contains exact text 'กำหนดสั่งจ่าย'.</msg>
<status status="PASS" starttime="20220419 17:18:22.267" endtime="20220419 17:18:22.288"/>
</kw>
<kw name="Element Text Should Be" library="Selenium2Library">
<arg>locator=//*[@id="__layout"]/div/div[2]/div[2]/div[2]/div/div[2]/div[2]/table/thead/tr/th[8]</arg>
<arg>expected=${salaryCal12}</arg>
<doc>Verifies that element ``locator`` contains exact the text ``expected``.</doc>
<msg timestamp="20220419 17:18:22.289" level="INFO">Verifying element '//*[@id="__layout"]/div/div[2]/div[2]/div[2]/div/div[2]/div[2]/table/thead/tr/th[8]' contains exact text 'วันที่สั่งจ่าย'.</msg>
<status status="PASS" starttime="20220419 17:18:22.288" endtime="20220419 17:18:22.310"/>
</kw>
<kw name="Element Text Should Be" library="Selenium2Library">
<arg>locator=//*[@id="__layout"]/div/div[2]/div[2]/div[2]/div/div[2]/div[2]/table/thead/tr/th[9]</arg>
<arg>expected=${salaryCal13}</arg>
<doc>Verifies that element ``locator`` contains exact the text ``expected``.</doc>
<msg timestamp="20220419 17:18:22.311" level="INFO">Verifying element '//*[@id="__layout"]/div/div[2]/div[2]/div[2]/div/div[2]/div[2]/table/thead/tr/th[9]' contains exact text 'สถานะ'.</msg>
<status status="PASS" starttime="20220419 17:18:22.311" endtime="20220419 17:18:22.333"/>
</kw>
<kw name="Element Text Should Be" library="Selenium2Library">
<arg>locator=//*[@id="__layout"]/div/div[2]/div[2]/div[2]/div/div[2]/div[2]/table/thead/tr/th[10]</arg>
<arg>expected=${salaryCal14}</arg>
<doc>Verifies that element ``locator`` contains exact the text ``expected``.</doc>
<msg timestamp="20220419 17:18:22.334" level="INFO">Verifying element '//*[@id="__layout"]/div/div[2]/div[2]/div[2]/div/div[2]/div[2]/table/thead/tr/th[10]' contains exact text 'รายละเอียด'.</msg>
<status status="PASS" starttime="20220419 17:18:22.333" endtime="20220419 17:18:22.354"/>
</kw>
<kw name="Element Text Should Be" library="Selenium2Library">
<arg>locator=//*[@id="__layout"]/div/div[2]/div[2]/div[2]/div/div[2]/div[2]/table/thead/tr/th[11]</arg>
<arg>expected=${salaryCal15}</arg>
<doc>Verifies that element ``locator`` contains exact the text ``expected``.</doc>
<msg timestamp="20220419 17:18:22.355" level="INFO">Verifying element '//*[@id="__layout"]/div/div[2]/div[2]/div[2]/div/div[2]/div[2]/table/thead/tr/th[11]' contains exact text 'ลบ'.</msg>
<status status="PASS" starttime="20220419 17:18:22.354" endtime="20220419 17:18:22.377"/>
</kw>
<status status="PASS" starttime="20220419 17:18:20.275" endtime="20220419 17:18:22.377"/>
</kw>
<kw name="back to salary calculator page from salary detail" library="keyword3">
<kw name="Click Element" library="Selenium2Library">
<arg>locator=//*[@id="__layout"]/div/div[2]/div[2]/div[2]/div/div[2]/div[2]/table/tbody/tr[1]/td[10]/i</arg>
<doc>Click the element identified by ``locator``.</doc>
<msg timestamp="20220419 17:18:22.379" level="INFO">Clicking element '//*[@id="__layout"]/div/div[2]/div[2]/div[2]/div/div[2]/div[2]/table/tbody/tr[1]/td[10]/i'.</msg>
<status status="PASS" starttime="20220419 17:18:22.378" endtime="20220419 17:18:22.422"/>
</kw>
<kw name="Sleep" library="BuiltIn">
<arg>2</arg>
<doc>Pauses the test executed for the given time.</doc>
<msg timestamp="20220419 17:18:24.424" level="INFO">Slept 2 seconds</msg>
<status status="PASS" starttime="20220419 17:18:22.423" endtime="20220419 17:18:24.424"/>
</kw>
<kw name="Click Element" library="Selenium2Library">
<arg>locator=//*[@id="__layout"]/div/div[2]/div[2]/div[2]/div/div[1]/div/div[2]/button[1]</arg>
<doc>Click the element identified by ``locator``.</doc>
<msg timestamp="20220419 17:18:24.425" level="INFO">Clicking element '//*[@id="__layout"]/div/div[2]/div[2]/div[2]/div/div[1]/div/div[2]/button[1]'.</msg>
<status status="PASS" starttime="20220419 17:18:24.424" endtime="20220419 17:18:24.473"/>
</kw>
<status status="PASS" starttime="20220419 17:18:22.378" endtime="20220419 17:18:24.474"/>
</kw>
<kw name="Sleep" library="BuiltIn">
<arg>2</arg>
<doc>Pauses the test executed for the given time.</doc>
<msg timestamp="20220419 17:18:26.483" level="INFO">Slept 2 seconds</msg>
<status status="PASS" starttime="20220419 17:18:24.474" endtime="20220419 17:18:26.483"/>
</kw>
<kw name="Close All Browsers" library="Selenium2Library" type="TEARDOWN">
<doc>Closes all open browsers and resets the browser cache.</doc>
<status status="PASS" starttime="20220419 17:18:26.484" endtime="20220419 17:18:28.916"/>
</kw>
<status status="PASS" starttime="20220419 17:18:17.116" endtime="20220419 17:18:28.918"/>
</test>
<kw name="Close All Browsers" library="Selenium2Library" type="TEARDOWN">
<doc>Closes all open browsers and resets the browser cache.</doc>
<status status="PASS" starttime="20220419 17:18:28.921" endtime="20220419 17:18:28.921"/>
</kw>
<status status="PASS" starttime="20220419 17:18:16.712" endtime="20220419 17:18:28.921"/>
</suite>
<statistics>
<total>
<stat pass="1" fail="0" skip="0">All Tests</stat>
</total>
<tag>
</tag>
<suite>
<stat pass="1" fail="0" skip="0" id="s1" name="Owner3">Owner3</stat>
</suite>
</statistics>
<errors>
</errors>
</robot>
