<?xml version="1.0" encoding="UTF-8"?>
<robot generator="Robot 5.0 (Python 3.10.4 on win32)" generated="20220421 14:08:09.284" rpa="false" schemaversion="3">
<suite id="s1" name="4.Masterprofile" source="c:\Users\niphaphon\Desktop\HRM_automate\HRM_Master\testcase\4.Masterprofile.robot">
<test id="s1-t1" name="cancel change Password" line="69">
<kw name="Open Browser" library="Selenium2Library">
<arg>${host}</arg>
<arg>browser=chrome</arg>
<doc>Opens a new browser instance to the optional ``url``.</doc>
<msg timestamp="20220421 14:08:09.632" level="INFO">Opening browser 'chrome' to base url 'https://hr.dudee-indeed.com/th/login'.</msg>
<status status="PASS" starttime="20220421 14:08:09.631" endtime="20220421 14:08:11.694"/>
</kw>
<kw name="Maximize Browser Window" library="Selenium2Library">
<doc>Maximizes current browser window.</doc>
<status status="PASS" starttime="20220421 14:08:11.695" endtime="20220421 14:08:11.880"/>
</kw>
<kw name="login Master" library="keyword">
<kw name="Input Text" library="Selenium2Library">
<arg>//*[@id="__layout"]/div/div[2]/div/div/div/div[2]/div/div/input[1]</arg>
<arg>Production.test</arg>
<doc>Types the given ``text`` into the text field identified by ``locator``.</doc>
<msg timestamp="20220421 14:08:11.885" level="INFO">Typing text 'Production.test' into text field '//*[@id="__layout"]/div/div[2]/div/div/div/div[2]/div/div/input[1]'.</msg>
<status status="PASS" starttime="20220421 14:08:11.883" endtime="20220421 14:08:12.042"/>
</kw>
<kw name="Input Text" library="Selenium2Library">
<arg>//*[@id="__layout"]/div/div[2]/div/div/div/div[2]/div/div/input[2]</arg>
<arg>123456</arg>
<doc>Types the given ``text`` into the text field identified by ``locator``.</doc>
<msg timestamp="20220421 14:08:12.043" level="INFO">Typing text '123456' into text field '//*[@id="__layout"]/div/div[2]/div/div/div/div[2]/div/div/input[2]'.</msg>
<status status="PASS" starttime="20220421 14:08:12.042" endtime="20220421 14:08:12.128"/>
</kw>
<kw name="Click Button" library="Selenium2Library">
<arg>locator=//*[@id="__layout"]/div/div[2]/div/div/div/div[2]/div/div/button</arg>
<doc>Clicks the button identified by ``locator``.</doc>
<msg timestamp="20220421 14:08:12.128" level="INFO">Clicking button '//*[@id="__layout"]/div/div[2]/div/div/div/div[2]/div/div/button'.</msg>
<status status="PASS" starttime="20220421 14:08:12.128" endtime="20220421 14:08:12.190"/>
</kw>
<status status="PASS" starttime="20220421 14:08:11.881" endtime="20220421 14:08:12.190"/>
</kw>
<kw name="Sleep" library="BuiltIn">
<arg>2</arg>
<doc>Pauses the test executed for the given time.</doc>
<msg timestamp="20220421 14:08:14.197" level="INFO">Slept 2 seconds</msg>
<status status="PASS" starttime="20220421 14:08:12.190" endtime="20220421 14:08:14.197"/>
</kw>
<kw name="validate profile management" library="keyword">
<kw name="Click Element" library="Selenium2Library">
<arg>locator=//*[@id="__layout"]/div/div[2]/div[1]/aside/div[2]/div/span[1]</arg>
<doc>Click the element identified by ``locator``.</doc>
<msg timestamp="20220421 14:08:14.201" level="INFO">Clicking element '//*[@id="__layout"]/div/div[2]/div[1]/aside/div[2]/div/span[1]'.</msg>
<status status="PASS" starttime="20220421 14:08:14.200" endtime="20220421 14:08:14.248"/>
</kw>
<kw name="Sleep" library="BuiltIn">
<arg>2</arg>
<doc>Pauses the test executed for the given time.</doc>
<msg timestamp="20220421 14:08:16.260" level="INFO">Slept 2 seconds</msg>
<status status="PASS" starttime="20220421 14:08:14.248" endtime="20220421 14:08:16.260"/>
</kw>
<kw name="Element Text Should Be" library="Selenium2Library">
<arg>locator=//*[@id="__layout"]/div/div[2]/div[2]/div[2]/div/div/div[2]/div[1]/div[1]/p</arg>
<arg>expected=${management01}</arg>
<doc>Verifies that element ``locator`` contains exact the text ``expected``.</doc>
<msg timestamp="20220421 14:08:16.261" level="INFO">Verifying element '//*[@id="__layout"]/div/div[2]/div[2]/div[2]/div/div/div[2]/div[1]/div[1]/p' contains exact text 'ชื่อผู้ใช้'.</msg>
<status status="PASS" starttime="20220421 14:08:16.260" endtime="20220421 14:08:16.286"/>
</kw>
<kw name="Element Text Should Be" library="Selenium2Library">
<arg>locator=//*[@id="__layout"]/div/div[2]/div[2]/div[2]/div/div/div[2]/div[2]/div[1]/p</arg>
<arg>expected=${management02}</arg>
<doc>Verifies that element ``locator`` contains exact the text ``expected``.</doc>
<msg timestamp="20220421 14:08:16.287" level="INFO">Verifying element '//*[@id="__layout"]/div/div[2]/div[2]/div[2]/div/div/div[2]/div[2]/div[1]/p' contains exact text 'สิทธิ์การเข้าถึง'.</msg>
<status status="PASS" starttime="20220421 14:08:16.286" endtime="20220421 14:08:16.310"/>
</kw>
<kw name="Element Text Should Be" library="Selenium2Library">
<arg>locator=//*[@id="__layout"]/div/div[2]/div[2]/div[2]/div/div/div[2]/div[3]/div[1]/p</arg>
<arg>expected=${management03}</arg>
<doc>Verifies that element ``locator`` contains exact the text ``expected``.</doc>
<msg timestamp="20220421 14:08:16.311" level="INFO">Verifying element '//*[@id="__layout"]/div/div[2]/div[2]/div[2]/div/div/div[2]/div[3]/div[1]/p' contains exact text 'อีเมล'.</msg>
<status status="PASS" starttime="20220421 14:08:16.310" endtime="20220421 14:08:16.336"/>
</kw>
<kw name="Element Text Should Be" library="Selenium2Library">
<arg>locator=//*[@id="__layout"]/div/div[2]/div[2]/div[2]/div/div/div[2]/div[4]/div[1]/p</arg>
<arg>expected=${management04}</arg>
<doc>Verifies that element ``locator`` contains exact the text ``expected``.</doc>
<msg timestamp="20220421 14:08:16.338" level="INFO">Verifying element '//*[@id="__layout"]/div/div[2]/div[2]/div[2]/div/div/div[2]/div[4]/div[1]/p' contains exact text 'เบอร์โทรศัพท์'.</msg>
<status status="PASS" starttime="20220421 14:08:16.337" endtime="20220421 14:08:16.360"/>
</kw>
<kw name="Element Text Should Be" library="Selenium2Library">
<arg>locator=//*[@id="__layout"]/div/div[2]/div[2]/div[2]/div/div/div[2]/div[5]/div[1]/p</arg>
<arg>expected=${management05}</arg>
<doc>Verifies that element ``locator`` contains exact the text ``expected``.</doc>
<msg timestamp="20220421 14:08:16.361" level="INFO">Verifying element '//*[@id="__layout"]/div/div[2]/div[2]/div[2]/div/div/div[2]/div[5]/div[1]/p' contains exact text 'ที่อยู่'.</msg>
<status status="PASS" starttime="20220421 14:08:16.360" endtime="20220421 14:08:16.385"/>
</kw>
<status status="PASS" starttime="20220421 14:08:14.198" endtime="20220421 14:08:16.386"/>
</kw>
<kw name="cancel change Password" library="keyword">
<kw name="Click Element" library="Selenium2Library">
<arg>locator=//*[@id="__layout"]/div/div[2]/div[2]/div[2]/div/div/div[1]/div/div[3]/button[2]</arg>
<doc>Click the element identified by ``locator``.</doc>
<msg timestamp="20220421 14:08:16.387" level="INFO">Clicking element '//*[@id="__layout"]/div/div[2]/div[2]/div[2]/div/div/div[1]/div/div[3]/button[2]'.</msg>
<status status="PASS" starttime="20220421 14:08:16.387" endtime="20220421 14:08:16.442"/>
</kw>
<kw name="Sleep" library="BuiltIn">
<arg>2</arg>
<doc>Pauses the test executed for the given time.</doc>
<msg timestamp="20220421 14:08:18.451" level="INFO">Slept 2 seconds</msg>
<status status="PASS" starttime="20220421 14:08:16.443" endtime="20220421 14:08:18.451"/>
</kw>
<kw name="Click Element" library="Selenium2Library">
<arg>locator=//*[@id="__layout"]/div/div[2]/div[2]/div[2]/div[1]/div/div/div[3]/div/div[1]</arg>
<doc>Click the element identified by ``locator``.</doc>
<msg timestamp="20220421 14:08:18.452" level="INFO">Clicking element '//*[@id="__layout"]/div/div[2]/div[2]/div[2]/div[1]/div/div/div[3]/div/div[1]'.</msg>
<status status="PASS" starttime="20220421 14:08:18.451" endtime="20220421 14:08:18.494"/>
</kw>
<status status="PASS" starttime="20220421 14:08:16.386" endtime="20220421 14:08:18.495"/>
</kw>
<kw name="Sleep" library="BuiltIn">
<arg>2</arg>
<doc>Pauses the test executed for the given time.</doc>
<msg timestamp="20220421 14:08:20.503" level="INFO">Slept 2 seconds</msg>
<status status="PASS" starttime="20220421 14:08:18.496" endtime="20220421 14:08:20.503"/>
</kw>
<kw name="Close All Browsers" library="Selenium2Library" type="TEARDOWN">
<doc>Closes all open browsers and resets the browser cache.</doc>
<status status="PASS" starttime="20220421 14:08:20.504" endtime="20220421 14:08:22.837"/>
</kw>
<status status="PASS" starttime="20220421 14:08:09.630" endtime="20220421 14:08:22.838"/>
</test>
<kw name="Close All Browsers" library="Selenium2Library" type="TEARDOWN">
<doc>Closes all open browsers and resets the browser cache.</doc>
<status status="PASS" starttime="20220421 14:08:22.840" endtime="20220421 14:08:22.841"/>
</kw>
<status status="PASS" starttime="20220421 14:08:09.291" endtime="20220421 14:08:22.841"/>
</suite>
<statistics>
<total>
<stat pass="1" fail="0" skip="0">All Tests</stat>
</total>
<tag>
</tag>
<suite>
<stat pass="1" fail="0" skip="0" id="s1" name="4.Masterprofile">4.Masterprofile</stat>
</suite>
</statistics>
<errors>
</errors>
</robot>
