<?xml version="1.0" encoding="UTF-8"?>
<robot generator="Robot 4.1.3 (Python 3.10.2 on win32)" generated="20220406 09:53:59.388" rpa="false" schemaversion="2">
<suite id="s1" name="Owner2" source="C:\Users\ratch\Desktop\Automated\HRM_automate\HRM_Owner\testcase\Owner2.robot">
<test id="s1-t1" name="test43">
<kw name="Open Browser" library="Selenium2Library">
<arg>${host}</arg>
<arg>browser=chrome</arg>
<doc>Opens a new browser instance to the optional ``url``.</doc>
<msg timestamp="20220406 09:53:59.741" level="INFO">Opening browser 'chrome' to base url 'https://hr.dudee-indeed.com/th/login'.</msg>
<status status="PASS" starttime="20220406 09:53:59.741" endtime="20220406 09:54:01.965"/>
</kw>
<kw name="Maximize Browser Window" library="Selenium2Library">
<doc>Maximizes current browser window.</doc>
<status status="PASS" starttime="20220406 09:54:01.965" endtime="20220406 09:54:02.114"/>
</kw>
<kw name="login owner" library="keyword">
<kw name="Input Text" library="Selenium2Library">
<arg>//*[@id="__layout"]/div/div[2]/div/div/div/div[2]/div/div/input[1]</arg>
<arg>Dudeeindeed.pt</arg>
<doc>Types the given ``text`` into the text field identified by ``locator``.</doc>
<msg timestamp="20220406 09:54:02.118" level="INFO">Typing text 'Dudeeindeed.pt' into text field '//*[@id="__layout"]/div/div[2]/div/div/div/div[2]/div/div/input[1]'.</msg>
<status status="PASS" starttime="20220406 09:54:02.118" endtime="20220406 09:54:02.257"/>
</kw>
<kw name="Input Text" library="Selenium2Library">
<arg>//*[@id="__layout"]/div/div[2]/div/div/div/div[2]/div/div/input[2]</arg>
<arg>123456</arg>
<doc>Types the given ``text`` into the text field identified by ``locator``.</doc>
<msg timestamp="20220406 09:54:02.257" level="INFO">Typing text '123456' into text field '//*[@id="__layout"]/div/div[2]/div/div/div/div[2]/div/div/input[2]'.</msg>
<status status="PASS" starttime="20220406 09:54:02.257" endtime="20220406 09:54:02.339"/>
</kw>
<kw name="Click Button" library="Selenium2Library">
<arg>locator=//*[@id="__layout"]/div/div[2]/div/div/div/div[2]/div/div/button</arg>
<doc>Clicks the button identified by ``locator``.</doc>
<msg timestamp="20220406 09:54:02.340" level="INFO">Clicking button '//*[@id="__layout"]/div/div[2]/div/div/div/div[2]/div/div/button'.</msg>
<status status="PASS" starttime="20220406 09:54:02.339" endtime="20220406 09:54:02.397"/>
</kw>
<status status="PASS" starttime="20220406 09:54:02.116" endtime="20220406 09:54:02.397"/>
</kw>
<kw name="validate document leave" library="keyword2">
<kw name="Wait Until Element Contains" library="Selenium2Library">
<arg>locator=//*[@id="__layout"]/div/div[2]/div[1]/aside/div[1]/div[3]/div[1]/p</arg>
<arg>text=ภาพรวมพนักงาน</arg>
<doc>Waits until the element ``locator`` contains ``text``.</doc>
<status status="PASS" starttime="20220406 09:54:02.399" endtime="20220406 09:54:03.151"/>
</kw>
<kw name="Click Element" library="Selenium2Library">
<arg>locator=//*[@id="__layout"]/div/div[2]/div[1]/aside/div[1]/div[3]/div[11]/p</arg>
<doc>Click the element identified by ``locator``.</doc>
<msg timestamp="20220406 09:54:03.151" level="INFO">Clicking element '//*[@id="__layout"]/div/div[2]/div[1]/aside/div[1]/div[3]/div[11]/p'.</msg>
<status status="PASS" starttime="20220406 09:54:03.151" endtime="20220406 09:54:03.199"/>
</kw>
<kw name="Wait Until Element Contains" library="Selenium2Library">
<arg>locator=//*[@id="__layout"]/div/div[2]/div[2]/div[2]/div/div[2]/div/table/thead/tr/th[2]</arg>
<arg>text=${leave02}</arg>
<doc>Waits until the element ``locator`` contains ``text``.</doc>
<status status="PASS" starttime="20220406 09:54:03.199" endtime="20220406 09:54:04.454"/>
</kw>
<kw name="Element Text Should Be" library="Selenium2Library">
<arg>locator=//*[@id="__layout"]/div/div[2]/div[2]/div[2]/div/div[2]/div/table/thead/tr/th[2]</arg>
<arg>expected=${leave02}</arg>
<doc>Verifies that element ``locator`` contains exact the text ``expected``.</doc>
<msg timestamp="20220406 09:54:04.455" level="INFO">Verifying element '//*[@id="__layout"]/div/div[2]/div[2]/div[2]/div/div[2]/div/table/thead/tr/th[2]' contains exact text 'ชื่อพนักงาน'.</msg>
<status status="PASS" starttime="20220406 09:54:04.454" endtime="20220406 09:54:04.469"/>
</kw>
<kw name="Element Text Should Be" library="Selenium2Library">
<arg>locator=//*[@id="__layout"]/div/div[2]/div[2]/div[2]/div/div[1]/div/div</arg>
<arg>expected=${leave01}</arg>
<doc>Verifies that element ``locator`` contains exact the text ``expected``.</doc>
<msg timestamp="20220406 09:54:04.470" level="INFO">Verifying element '//*[@id="__layout"]/div/div[2]/div[2]/div[2]/div/div[1]/div/div' contains exact text 'รายการเอกสารขอลา'.</msg>
<status status="PASS" starttime="20220406 09:54:04.469" endtime="20220406 09:54:04.491"/>
</kw>
<kw name="Element Text Should Be" library="Selenium2Library">
<arg>locator=//*[@id="__layout"]/div/div[2]/div[2]/div[2]/div/div[2]/div/table/thead/tr/th[3]</arg>
<arg>expected=${leave03}</arg>
<doc>Verifies that element ``locator`` contains exact the text ``expected``.</doc>
<msg timestamp="20220406 09:54:04.492" level="INFO">Verifying element '//*[@id="__layout"]/div/div[2]/div[2]/div[2]/div/div[2]/div/table/thead/tr/th[3]' contains exact text 'ตำแหน่ง'.</msg>
<status status="PASS" starttime="20220406 09:54:04.491" endtime="20220406 09:54:04.512"/>
</kw>
<kw name="Element Text Should Be" library="Selenium2Library">
<arg>locator=//*[@id="__layout"]/div/div[2]/div[2]/div[2]/div/div[2]/div/table/thead/tr/th[4]</arg>
<arg>expected=${leave04}</arg>
<doc>Verifies that element ``locator`` contains exact the text ``expected``.</doc>
<msg timestamp="20220406 09:54:04.513" level="INFO">Verifying element '//*[@id="__layout"]/div/div[2]/div[2]/div[2]/div/div[2]/div/table/thead/tr/th[4]' contains exact text 'การลา'.</msg>
<status status="PASS" starttime="20220406 09:54:04.512" endtime="20220406 09:54:04.534"/>
</kw>
<kw name="Element Text Should Be" library="Selenium2Library">
<arg>locator=//*[@id="__layout"]/div/div[2]/div[2]/div[2]/div/div[2]/div/table/thead/tr/th[5]</arg>
<arg>expected=${leave05}</arg>
<doc>Verifies that element ``locator`` contains exact the text ``expected``.</doc>
<msg timestamp="20220406 09:54:04.534" level="INFO">Verifying element '//*[@id="__layout"]/div/div[2]/div[2]/div[2]/div/div[2]/div/table/thead/tr/th[5]' contains exact text 'วันที่ลา'.</msg>
<status status="PASS" starttime="20220406 09:54:04.534" endtime="20220406 09:54:04.554"/>
</kw>
<kw name="Element Text Should Be" library="Selenium2Library">
<arg>locator=//*[@id="__layout"]/div/div[2]/div[2]/div[2]/div/div[2]/div/table/thead/tr/th[6]</arg>
<arg>expected=${leave06}</arg>
<doc>Verifies that element ``locator`` contains exact the text ``expected``.</doc>
<msg timestamp="20220406 09:54:04.555" level="INFO">Verifying element '//*[@id="__layout"]/div/div[2]/div[2]/div[2]/div/div[2]/div/table/thead/tr/th[6]' contains exact text 'ถึงวันที่'.</msg>
<status status="PASS" starttime="20220406 09:54:04.555" endtime="20220406 09:54:04.576"/>
</kw>
<kw name="Element Text Should Be" library="Selenium2Library">
<arg>locator=//*[@id="__layout"]/div/div[2]/div[2]/div[2]/div/div[2]/div/table/thead/tr/th[7]</arg>
<arg>expected=${leave07}</arg>
<doc>Verifies that element ``locator`` contains exact the text ``expected``.</doc>
<msg timestamp="20220406 09:54:04.576" level="INFO">Verifying element '//*[@id="__layout"]/div/div[2]/div[2]/div[2]/div/div[2]/div/table/thead/tr/th[7]' contains exact text 'สาเหตุ'.</msg>
<status status="PASS" starttime="20220406 09:54:04.576" endtime="20220406 09:54:04.596"/>
</kw>
<kw name="Element Text Should Be" library="Selenium2Library">
<arg>locator=//*[@id="__layout"]/div/div[2]/div[2]/div[2]/div/div[2]/div/table/thead/tr/th[8]</arg>
<arg>expected=${leave08}</arg>
<doc>Verifies that element ``locator`` contains exact the text ``expected``.</doc>
<msg timestamp="20220406 09:54:04.597" level="INFO">Verifying element '//*[@id="__layout"]/div/div[2]/div[2]/div[2]/div/div[2]/div/table/thead/tr/th[8]' contains exact text 'สถานะ'.</msg>
<status status="PASS" starttime="20220406 09:54:04.596" endtime="20220406 09:54:04.620"/>
</kw>
<kw name="Element Text Should Be" library="Selenium2Library">
<arg>locator=//*[@id="__layout"]/div/div[2]/div[2]/div[2]/div/div[2]/div/table/thead/tr/th[9]</arg>
<arg>expected=${leave09}</arg>
<doc>Verifies that element ``locator`` contains exact the text ``expected``.</doc>
<msg timestamp="20220406 09:54:04.621" level="INFO">Verifying element '//*[@id="__layout"]/div/div[2]/div[2]/div[2]/div/div[2]/div/table/thead/tr/th[9]' contains exact text 'เอกสาร'.</msg>
<status status="PASS" starttime="20220406 09:54:04.621" endtime="20220406 09:54:04.642"/>
</kw>
<kw name="Element Text Should Be" library="Selenium2Library">
<arg>locator=//*[@id="__layout"]/div/div[2]/div[2]/div[2]/div/div[2]/div/table/thead/tr/th[10]</arg>
<arg>expected=${leave10}</arg>
<doc>Verifies that element ``locator`` contains exact the text ``expected``.</doc>
<msg timestamp="20220406 09:54:04.642" level="INFO">Verifying element '//*[@id="__layout"]/div/div[2]/div[2]/div[2]/div/div[2]/div/table/thead/tr/th[10]' contains exact text 'การอนุมัติ'.</msg>
<status status="PASS" starttime="20220406 09:54:04.642" endtime="20220406 09:54:04.663"/>
</kw>
<status status="PASS" starttime="20220406 09:54:02.398" endtime="20220406 09:54:04.663"/>
</kw>
<kw name="Close All Browsers" library="Selenium2Library" type="TEARDOWN">
<doc>Closes all open browsers and resets the browser cache.</doc>
<status status="PASS" starttime="20220406 09:54:04.664" endtime="20220406 09:54:06.963"/>
</kw>
<status status="PASS" starttime="20220406 09:53:59.740" endtime="20220406 09:54:06.964"/>
</test>
<kw name="Close All Browsers" library="Selenium2Library" type="TEARDOWN">
<doc>Closes all open browsers and resets the browser cache.</doc>
<status status="PASS" starttime="20220406 09:54:06.966" endtime="20220406 09:54:06.966"/>
</kw>
<status status="PASS" starttime="20220406 09:53:59.390" endtime="20220406 09:54:06.966"/>
</suite>
<statistics>
<total>
<stat pass="1" fail="0" skip="0">All Tests</stat>
</total>
<tag>
</tag>
<suite>
<stat pass="1" fail="0" skip="0" id="s1" name="Owner2">Owner2</stat>
</suite>
</statistics>
<errors>
</errors>
</robot>
